TN:
SF:src\App.tsx
FN:14,(anonymous_0)
FN:14,(anonymous_1)
FN:15,(anonymous_2)
FN:15,(anonymous_3)
FN:16,(anonymous_4)
FN:16,(anonymous_5)
FN:17,(anonymous_6)
FN:17,(anonymous_7)
FN:18,(anonymous_8)
FN:18,(anonymous_9)
FN:19,(anonymous_10)
FN:19,(anonymous_11)
FN:20,(anonymous_12)
FN:20,(anonymous_13)
FN:21,(anonymous_14)
FN:21,(anonymous_15)
FN:22,(anonymous_16)
FN:22,(anonymous_17)
FN:23,(anonymous_18)
FN:23,(anonymous_19)
FN:24,(anonymous_20)
FN:24,(anonymous_21)
FN:25,(anonymous_22)
FN:25,(anonymous_23)
FN:26,(anonymous_24)
FN:26,(anonymous_25)
FN:27,(anonymous_26)
FN:28,(anonymous_27)
FN:31,(anonymous_28)
FN:32,(anonymous_29)
FN:33,(anonymous_30)
FN:33,(anonymous_31)
FN:34,(anonymous_32)
FN:37,(anonymous_33)
FN:37,(anonymous_34)
FN:38,(anonymous_35)
FN:38,(anonymous_36)
FN:41,(anonymous_37)
FN:50,App
FN:123,(anonymous_39)
FNF:40
FNH:0
FNDA:0,(anonymous_0)
FNDA:0,(anonymous_1)
FNDA:0,(anonymous_2)
FNDA:0,(anonymous_3)
FNDA:0,(anonymous_4)
FNDA:0,(anonymous_5)
FNDA:0,(anonymous_6)
FNDA:0,(anonymous_7)
FNDA:0,(anonymous_8)
FNDA:0,(anonymous_9)
FNDA:0,(anonymous_10)
FNDA:0,(anonymous_11)
FNDA:0,(anonymous_12)
FNDA:0,(anonymous_13)
FNDA:0,(anonymous_14)
FNDA:0,(anonymous_15)
FNDA:0,(anonymous_16)
FNDA:0,(anonymous_17)
FNDA:0,(anonymous_18)
FNDA:0,(anonymous_19)
FNDA:0,(anonymous_20)
FNDA:0,(anonymous_21)
FNDA:0,(anonymous_22)
FNDA:0,(anonymous_23)
FNDA:0,(anonymous_24)
FNDA:0,(anonymous_25)
FNDA:0,(anonymous_26)
FNDA:0,(anonymous_27)
FNDA:0,(anonymous_28)
FNDA:0,(anonymous_29)
FNDA:0,(anonymous_30)
FNDA:0,(anonymous_31)
FNDA:0,(anonymous_32)
FNDA:0,(anonymous_33)
FNDA:0,(anonymous_34)
FNDA:0,(anonymous_35)
FNDA:0,(anonymous_36)
FNDA:0,(anonymous_37)
FNDA:0,App
FNDA:0,(anonymous_39)
DA:14,0
DA:15,0
DA:16,0
DA:17,0
DA:18,0
DA:19,0
DA:20,0
DA:21,0
DA:22,0
DA:23,0
DA:24,0
DA:25,0
DA:26,0
DA:27,0
DA:28,0
DA:31,0
DA:32,0
DA:33,0
DA:34,0
DA:37,0
DA:38,0
DA:41,0
DA:42,0
DA:51,0
DA:123,0
LF:25
LH:0
BRF:0
BRH:0
end_of_record
TN:
SF:src\components\ErrorBoundary.tsx
FN:19,(anonymous_0)
FN:28,(anonymous_1)
FN:36,(anonymous_2)
FN:46,(anonymous_3)
FN:58,(anonymous_4)
FN:112,(anonymous_5)
FN:135,(anonymous_6)
FN:140,(anonymous_7)
FN:144,(anonymous_8)
FN:148,(anonymous_9)
FN:162,(anonymous_10)
FNF:11
FNH:0
FNDA:0,(anonymous_0)
FNDA:0,(anonymous_1)
FNDA:0,(anonymous_2)
FNDA:0,(anonymous_3)
FNDA:0,(anonymous_4)
FNDA:0,(anonymous_5)
FNDA:0,(anonymous_6)
FNDA:0,(anonymous_7)
FNDA:0,(anonymous_8)
FNDA:0,(anonymous_9)
FNDA:0,(anonymous_10)
DA:20,0
DA:21,0
DA:29,0
DA:37,0
DA:38,0
DA:46,0
DA:47,0
DA:53,0
DA:54,0
DA:59,0
DA:61,0
DA:62,0
DA:66,0
DA:112,0
DA:124,0
DA:136,0
DA:137,0
DA:141,0
DA:145,0
DA:149,0
DA:150,0
DA:162,0
DA:175,0
LF:23
LH:0
BRDA:39,0,0,0
BRDA:39,0,1,0
BRDA:53,1,0,0
BRDA:53,1,1,0
BRDA:59,2,0,0
BRDA:59,2,1,0
BRDA:61,3,0,0
BRDA:61,3,1,0
BRDA:83,4,0,0
BRDA:83,4,1,0
BRDA:92,5,0,0
BRDA:92,5,1,0
BRDA:145,6,0,0
BRDA:145,6,1,0
BRDA:149,7,0,0
BRDA:149,7,1,0
BRDA:156,8,0,0
BRDA:156,8,1,0
BRDA:159,9,0,0
BRDA:159,9,1,0
BRF:20
BRH:0
end_of_record
TN:
SF:src\components\theme-provider.tsx
FN:18,(anonymous_0)
FN:23,ThemeProvider
FN:30,(anonymous_2)
FN:33,(anonymous_3)
FN:53,(anonymous_4)
FN:67,(anonymous_5)
FNF:6
FNH:0
FNDA:0,(anonymous_0)
FNDA:0,ThemeProvider
FNDA:0,(anonymous_2)
FNDA:0,(anonymous_3)
FNDA:0,(anonymous_4)
FNDA:0,(anonymous_5)
DA:16,0
DA:18,0
DA:21,0
DA:29,0
DA:30,0
DA:33,0
DA:34,0
DA:36,0
DA:38,0
DA:39,0
DA:44,0
DA:45,0
DA:48,0
DA:51,0
DA:54,0
DA:55,0
DA:59,0
DA:67,0
DA:68,0
DA:70,0
DA:71,0
DA:73,0
LF:22
LH:0
BRDA:25,0,0,0
BRDA:26,1,0,0
BRDA:30,2,0,0
BRDA:30,2,1,0
BRDA:38,3,0,0
BRDA:38,3,1,0
BRDA:39,4,0,0
BRDA:39,4,1,0
BRDA:70,5,0,0
BRDA:70,5,1,0
BRF:10
BRH:0
end_of_record
TN:
SF:src\components\theme-toggle.tsx
FN:5,ThemeToggle
FN:8,(anonymous_1)
FNF:2
FNH:0
FNDA:0,ThemeToggle
FNDA:0,(anonymous_1)
DA:6,0
DA:8,0
DA:9,0
DA:10,0
DA:12,0
DA:16,0
LF:6
LH:0
BRDA:9,0,0,0
BRDA:9,0,1,0
BRF:2
BRH:0
end_of_record
TN:
SF:src\components\auth\protected-route.tsx
FN:9,ProtectedRoute
FNF:1
FNH:0
FNDA:0,ProtectedRoute
DA:10,0
DA:11,0
DA:14,0
DA:23,0
DA:24,0
DA:34,0
DA:35,0
DA:36,0
DA:39,0
DA:40,0
DA:41,0
DA:44,0
DA:45,0
LF:13
LH:0
BRDA:23,0,0,0
BRDA:23,0,1,0
BRDA:34,1,0,0
BRDA:34,1,1,0
BRDA:34,2,0,0
BRDA:34,2,1,0
BRDA:39,3,0,0
BRDA:39,3,1,0
BRDA:39,4,0,0
BRDA:39,4,1,0
BRF:10
BRH:0
end_of_record
TN:
SF:src\components\booking\BookingConflictDialog.tsx
FN:25,BookingConflictDialog
FN:52,(anonymous_1)
FNF:2
FNH:0
FNDA:0,BookingConflictDialog
FNDA:0,(anonymous_1)
DA:33,0
DA:53,0
LF:2
LH:0
BRDA:46,0,0,0
BRDA:46,0,1,0
BRDA:56,1,0,0
BRDA:56,1,1,0
BRDA:59,2,0,0
BRDA:59,2,1,0
BRDA:64,3,0,0
BRDA:64,3,1,0
BRDA:70,4,0,0
BRDA:70,4,1,0
BRF:10
BRH:0
end_of_record
TN:
SF:src\components\booking\BookingCreateModal.tsx
FN:82,BookingCreateModal
FN:100,(anonymous_1)
FN:129,(anonymous_2)
FN:156,(anonymous_3)
FN:177,(anonymous_4)
FN:182,(anonymous_5)
FN:259,(anonymous_6)
FN:276,(anonymous_7)
FN:300,(anonymous_8)
FN:306,(anonymous_9)
FN:351,(anonymous_10)
FN:364,(anonymous_11)
FN:382,(anonymous_12)
FN:399,(anonymous_13)
FN:400,(anonymous_14)
FN:412,(anonymous_15)
FN:427,(anonymous_16)
FN:440,(anonymous_17)
FN:456,(anonymous_18)
FN:472,(anonymous_19)
FN:484,(anonymous_20)
FN:506,(anonymous_21)
FN:515,(anonymous_22)
FN:531,(anonymous_23)
FN:540,(anonymous_24)
FN:580,(anonymous_25)
FN:592,(anonymous_26)
FN:604,(anonymous_27)
FN:616,(anonymous_28)
FN:628,(anonymous_29)
FNF:30
FNH:0
FNDA:0,BookingCreateModal
FNDA:0,(anonymous_1)
FNDA:0,(anonymous_2)
FNDA:0,(anonymous_3)
FNDA:0,(anonymous_4)
FNDA:0,(anonymous_5)
FNDA:0,(anonymous_6)
FNDA:0,(anonymous_7)
FNDA:0,(anonymous_8)
FNDA:0,(anonymous_9)
FNDA:0,(anonymous_10)
FNDA:0,(anonymous_11)
FNDA:0,(anonymous_12)
FNDA:0,(anonymous_13)
FNDA:0,(anonymous_14)
FNDA:0,(anonymous_15)
FNDA:0,(anonymous_16)
FNDA:0,(anonymous_17)
FNDA:0,(anonymous_18)
FNDA:0,(anonymous_19)
FNDA:0,(anonymous_20)
FNDA:0,(anonymous_21)
FNDA:0,(anonymous_22)
FNDA:0,(anonymous_23)
FNDA:0,(anonymous_24)
FNDA:0,(anonymous_25)
FNDA:0,(anonymous_26)
FNDA:0,(anonymous_27)
FNDA:0,(anonymous_28)
FNDA:0,(anonymous_29)
DA:95,0
DA:96,0
DA:97,0
DA:100,0
DA:101,0
DA:103,0
DA:105,0
DA:106,0
DA:112,0
DA:113,0
DA:114,0
DA:119,0
DA:124,0
DA:129,0
DA:130,0
DA:132,0
DA:134,0
DA:135,0
DA:141,0
DA:142,0
DA:143,0
DA:151,0
DA:156,0
DA:157,0
DA:159,0
DA:170,0
DA:177,0
DA:178,0
DA:180,0
DA:182,0
DA:183,0
DA:187,0
DA:190,0
DA:191,0
DA:205,0
DA:206,0
DA:210,0
DA:237,0
DA:240,0
DA:241,0
DA:243,0
DA:259,0
DA:260,0
DA:264,0
DA:277,0
DA:281,0
DA:287,0
DA:288,0
DA:289,0
DA:291,0
DA:292,0
DA:300,0
DA:301,0
DA:302,0
DA:303,0
DA:306,0
DA:307,0
DA:308,0
DA:311,0
DA:352,0
DA:365,0
DA:383,0
DA:400,0
DA:401,0
DA:413,0
DA:428,0
DA:441,0
DA:456,0
DA:473,0
DA:485,0
DA:486,0
DA:507,0
DA:516,0
DA:532,0
DA:541,0
DA:581,0
DA:593,0
DA:605,0
DA:617,0
DA:629,0
LF:80
LH:0
BRDA:101,0,0,0
BRDA:101,0,1,0
BRDA:101,1,0,0
BRDA:101,1,1,0
BRDA:112,2,0,0
BRDA:112,2,1,0
BRDA:112,3,0,0
BRDA:112,3,1,0
BRDA:130,4,0,0
BRDA:130,4,1,0
BRDA:130,5,0,0
BRDA:130,5,1,0
BRDA:130,5,2,0
BRDA:141,6,0,0
BRDA:141,6,1,0
BRDA:141,7,0,0
BRDA:141,7,1,0
BRDA:157,8,0,0
BRDA:157,8,1,0
BRDA:164,9,0,0
BRDA:164,9,1,0
BRDA:165,10,0,0
BRDA:165,10,1,0
BRDA:166,11,0,0
BRDA:166,11,1,0
BRDA:167,12,0,0
BRDA:167,12,1,0
BRDA:183,13,0,0
BRDA:183,13,1,0
BRDA:184,14,0,0
BRDA:184,14,1,0
BRDA:185,15,0,0
BRDA:185,15,1,0
BRDA:190,16,0,0
BRDA:190,16,1,0
BRDA:197,17,0,0
BRDA:197,17,1,0
BRDA:198,18,0,0
BRDA:198,18,1,0
BRDA:199,19,0,0
BRDA:199,19,1,0
BRDA:200,20,0,0
BRDA:200,20,1,0
BRDA:205,21,0,0
BRDA:205,21,1,0
BRDA:223,22,0,0
BRDA:223,22,1,0
BRDA:226,23,0,0
BRDA:226,23,1,0
BRDA:226,24,0,0
BRDA:226,24,1,0
BRDA:227,25,0,0
BRDA:227,25,1,0
BRDA:227,26,0,0
BRDA:227,26,1,0
BRDA:237,27,0,0
BRDA:237,27,1,0
BRDA:240,28,0,0
BRDA:240,28,1,0
BRDA:240,29,0,0
BRDA:240,29,1,0
BRDA:245,30,0,0
BRDA:245,30,1,0
BRDA:247,31,0,0
BRDA:247,31,1,0
BRDA:252,32,0,0
BRDA:252,32,1,0
BRDA:253,33,0,0
BRDA:253,33,1,0
BRDA:254,34,0,0
BRDA:254,34,1,0
BRDA:326,35,0,0
BRDA:326,35,1,0
BRDA:350,36,0,0
BRDA:350,36,1,0
BRDA:363,37,0,0
BRDA:363,37,1,0
BRDA:371,38,0,0
BRDA:371,38,1,0
BRDA:381,39,0,0
BRDA:381,39,1,0
BRDA:398,40,0,0
BRDA:398,40,1,0
BRDA:403,41,0,0
BRDA:403,41,1,0
BRDA:426,42,0,0
BRDA:426,42,1,0
BRDA:439,43,0,0
BRDA:439,43,1,0
BRDA:453,44,0,0
BRDA:453,44,1,0
BRDA:453,45,0,0
BRDA:453,45,1,0
BRDA:456,46,0,0
BRDA:456,46,1,0
BRDA:471,47,0,0
BRDA:471,47,1,0
BRDA:501,48,0,0
BRDA:501,48,1,0
BRDA:505,49,0,0
BRDA:505,49,1,0
BRDA:526,50,0,0
BRDA:526,50,1,0
BRDA:530,51,0,0
BRDA:530,51,1,0
BRDA:551,52,0,0
BRDA:551,52,1,0
BRDA:559,53,0,0
BRDA:559,53,1,0
BRDA:559,53,2,0
BRDA:566,54,0,0
BRDA:566,54,1,0
BRDA:566,54,2,0
BRDA:566,54,3,0
BRDA:579,55,0,0
BRDA:579,55,1,0
BRDA:591,56,0,0
BRDA:591,56,1,0
BRDA:603,57,0,0
BRDA:603,57,1,0
BRDA:615,58,0,0
BRDA:615,58,1,0
BRDA:627,59,0,0
BRDA:627,59,1,0
BRF:124
BRH:0
end_of_record
TN:
SF:src\components\booking\BookingEditModal.tsx
FN:82,BookingEditModal
FN:104,(anonymous_1)
FN:108,(anonymous_2)
FN:179,(anonymous_3)
FN:200,(anonymous_4)
FN:208,(anonymous_5)
FN:223,(anonymous_6)
FN:236,(anonymous_7)
FN:252,(anonymous_8)
FN:265,(anonymous_9)
FN:289,(anonymous_10)
FN:300,(anonymous_11)
FN:322,(anonymous_12)
FN:331,(anonymous_13)
FN:347,(anonymous_14)
FN:356,(anonymous_15)
FN:397,(anonymous_16)
FN:410,(anonymous_17)
FN:421,(anonymous_18)
FN:432,(anonymous_19)
FN:445,(anonymous_20)
FNF:21
FNH:0
FNDA:0,BookingEditModal
FNDA:0,(anonymous_1)
FNDA:0,(anonymous_2)
FNDA:0,(anonymous_3)
FNDA:0,(anonymous_4)
FNDA:0,(anonymous_5)
FNDA:0,(anonymous_6)
FNDA:0,(anonymous_7)
FNDA:0,(anonymous_8)
FNDA:0,(anonymous_9)
FNDA:0,(anonymous_10)
FNDA:0,(anonymous_11)
FNDA:0,(anonymous_12)
FNDA:0,(anonymous_13)
FNDA:0,(anonymous_14)
FNDA:0,(anonymous_15)
FNDA:0,(anonymous_16)
FNDA:0,(anonymous_17)
FNDA:0,(anonymous_18)
FNDA:0,(anonymous_19)
FNDA:0,(anonymous_20)
DA:96,0
DA:100,0
DA:102,0
DA:104,0
DA:105,0
DA:106,0
DA:108,0
DA:109,0
DA:114,0
DA:116,0
DA:133,0
DA:134,0
DA:143,0
DA:145,0
DA:150,0
DA:155,0
DA:160,0
DA:162,0
DA:166,0
DA:167,0
DA:168,0
DA:169,0
DA:171,0
DA:179,0
DA:180,0
DA:181,0
DA:182,0
DA:185,0
DA:201,0
DA:209,0
DA:224,0
DA:237,0
DA:252,0
DA:266,0
DA:290,0
DA:301,0
DA:302,0
DA:323,0
DA:332,0
DA:348,0
DA:357,0
DA:398,0
DA:411,0
DA:422,0
DA:433,0
DA:446,0
LF:46
LH:0
BRDA:109,0,0,0
BRDA:109,0,1,0
BRDA:110,1,0,0
BRDA:110,1,1,0
BRDA:111,2,0,0
BRDA:111,2,1,0
BRDA:114,3,0,0
BRDA:114,3,1,0
BRDA:127,4,0,0
BRDA:127,4,1,0
BRDA:128,5,0,0
BRDA:128,5,1,0
BRDA:133,6,0,0
BRDA:133,6,1,0
BRDA:137,7,0,0
BRDA:137,7,1,0
BRDA:138,8,0,0
BRDA:138,8,1,0
BRDA:143,9,0,0
BRDA:143,9,1,0
BRDA:160,10,0,0
BRDA:160,10,1,0
BRDA:164,11,0,0
BRDA:164,11,1,0
BRDA:199,12,0,0
BRDA:199,12,1,0
BRDA:222,13,0,0
BRDA:222,13,1,0
BRDA:235,14,0,0
BRDA:235,14,1,0
BRDA:249,15,0,0
BRDA:249,15,1,0
BRDA:249,16,0,0
BRDA:249,16,1,0
BRDA:252,17,0,0
BRDA:252,17,1,0
BRDA:264,18,0,0
BRDA:264,18,1,0
BRDA:288,19,0,0
BRDA:288,19,1,0
BRDA:317,20,0,0
BRDA:317,20,1,0
BRDA:321,21,0,0
BRDA:321,21,1,0
BRDA:342,22,0,0
BRDA:342,22,1,0
BRDA:346,23,0,0
BRDA:346,23,1,0
BRDA:367,24,0,0
BRDA:367,24,1,0
BRDA:375,25,0,0
BRDA:375,25,1,0
BRDA:375,25,2,0
BRDA:382,26,0,0
BRDA:382,26,1,0
BRDA:382,26,2,0
BRDA:382,26,3,0
BRDA:396,27,0,0
BRDA:396,27,1,0
BRDA:409,28,0,0
BRDA:409,28,1,0
BRDA:420,29,0,0
BRDA:420,29,1,0
BRDA:431,30,0,0
BRDA:431,30,1,0
BRDA:444,31,0,0
BRDA:444,31,1,0
BRF:67
BRH:0
end_of_record
TN:
SF:src\components\booking\BookingFiltersPanel.tsx
FN:19,BookingFiltersPanel
FN:38,(anonymous_1)
FN:47,(anonymous_2)
FN:55,(anonymous_3)
FN:80,(anonymous_4)
FN:90,(anonymous_5)
FN:97,(anonymous_6)
FN:102,(anonymous_7)
FN:116,(anonymous_8)
FN:130,(anonymous_9)
FN:137,(anonymous_10)
FN:145,(anonymous_11)
FN:151,(anonymous_12)
FNF:13
FNH:0
FNDA:0,BookingFiltersPanel
FNDA:0,(anonymous_1)
FNDA:0,(anonymous_2)
FNDA:0,(anonymous_3)
FNDA:0,(anonymous_4)
FNDA:0,(anonymous_5)
FNDA:0,(anonymous_6)
FNDA:0,(anonymous_7)
FNDA:0,(anonymous_8)
FNDA:0,(anonymous_9)
FNDA:0,(anonymous_10)
FNDA:0,(anonymous_11)
FNDA:0,(anonymous_12)
DA:29,0
DA:38,0
DA:47,0
DA:55,0
DA:80,0
DA:90,0
DA:97,0
DA:102,0
DA:116,0
DA:130,0
DA:138,0
DA:145,0
DA:152,0
LF:13
LH:0
BRDA:60,0,0,0
BRDA:60,0,1,0
BRF:2
BRH:0
end_of_record
TN:
SF:src\components\booking\BookingList.tsx
FN:45,BookingListComponent
FN:78,(anonymous_1)
FN:109,(anonymous_2)
FN:116,(anonymous_3)
FN:117,(anonymous_4)
FN:122,(anonymous_5)
FN:173,(anonymous_6)
FN:176,(anonymous_7)
FN:184,(anonymous_8)
FN:193,(anonymous_9)
FN:252,(anonymous_10)
FNF:11
FNH:0
FNDA:0,BookingListComponent
FNDA:0,(anonymous_1)
FNDA:0,(anonymous_2)
FNDA:0,(anonymous_3)
FNDA:0,(anonymous_4)
FNDA:0,(anonymous_5)
FNDA:0,(anonymous_6)
FNDA:0,(anonymous_7)
FNDA:0,(anonymous_8)
FNDA:0,(anonymous_9)
FNDA:0,(anonymous_10)
DA:67,0
DA:78,0
DA:110,0
DA:116,0
DA:117,0
DA:122,0
DA:173,0
DA:177,0
DA:185,0
DA:193,0
DA:252,0
DA:254,0
DA:264,0
LF:13
LH:0
BRDA:70,0,0,0
BRDA:70,0,1,0
BRDA:104,1,0,0
BRDA:104,1,1,0
BRDA:128,2,0,0
BRDA:128,2,1,0
BRDA:150,3,0,0
BRDA:150,3,1,0
BRDA:156,4,0,0
BRDA:156,4,1,0
BRDA:204,5,0,0
BRDA:204,5,1,0
BRDA:255,6,0,0
BRDA:255,6,1,0
BRDA:255,6,2,0
BRDA:255,6,3,0
BRDA:255,6,4,0
BRDA:255,6,5,0
BRF:18
BRH:0
end_of_record
TN:
SF:src\components\booking\BookingStatusConfirmDialog.tsx
FN:17,BookingStatusConfirmDialog
FNF:1
FNH:0
FNDA:0,BookingStatusConfirmDialog
DA:23,0
LF:1
LH:0
BRF:0
BRH:0
end_of_record
TN:
SF:src\components\booking\BulkActionsToolbar.tsx
FN:19,BulkActionsToolbar
FNF:1
FNH:0
FNDA:0,BulkActionsToolbar
DA:29,0
LF:1
LH:0
BRDA:33,0,0,0
BRDA:33,0,1,0
BRDA:40,1,0,0
BRDA:40,1,1,0
BRF:4
BRH:0
end_of_record
TN:
SF:src\components\booking\index.ts
FNF:0
FNH:0
LF:0
LH:0
BRF:0
BRH:0
end_of_record
TN:
SF:src\components\booking\quick-availability-check.tsx
FN:26,QuickAvailabilityCheck
FN:40,(anonymous_1)
FN:43,(anonymous_2)
FN:45,(anonymous_3)
FN:58,(anonymous_4)
FN:66,(anonymous_5)
FN:80,(anonymous_6)
FN:108,(anonymous_7)
FN:120,(anonymous_8)
FN:143,(anonymous_9)
FN:157,(anonymous_10)
FN:171,(anonymous_11)
FN:188,(anonymous_12)
FN:190,(anonymous_13)
FN:217,(anonymous_14)
FNF:15
FNH:0
FNDA:0,QuickAvailabilityCheck
FNDA:0,(anonymous_1)
FNDA:0,(anonymous_2)
FNDA:0,(anonymous_3)
FNDA:0,(anonymous_4)
FNDA:0,(anonymous_5)
FNDA:0,(anonymous_6)
FNDA:0,(anonymous_7)
FNDA:0,(anonymous_8)
FNDA:0,(anonymous_9)
FNDA:0,(anonymous_10)
FNDA:0,(anonymous_11)
FNDA:0,(anonymous_12)
FNDA:0,(anonymous_13)
FNDA:0,(anonymous_14)
DA:27,0
DA:28,0
DA:29,0
DA:30,0
DA:33,0
DA:34,0
DA:35,0
DA:36,0
DA:37,0
DA:39,0
DA:40,0
DA:43,0
DA:44,0
DA:45,0
DA:46,0
DA:47,0
DA:48,0
DA:49,0
DA:50,0
DA:53,0
DA:54,0
DA:58,0
DA:59,0
DA:60,0
DA:62,0
DA:66,0
DA:67,0
DA:68,0
DA:70,0
DA:71,0
DA:74,0
DA:80,0
DA:108,0
DA:120,0
DA:144,0
DA:157,0
DA:171,0
DA:188,0
DA:192,0
DA:193,0
DA:196,0
DA:202,0
DA:219,0
DA:220,0
DA:223,0
DA:229,0
LF:46
LH:0
BRDA:44,0,0,0
BRDA:44,0,1,0
BRDA:44,1,0,0
BRDA:44,1,1,0
BRDA:60,2,0,0
BRDA:60,2,1,0
BRDA:67,3,0,0
BRDA:67,3,1,0
BRDA:67,4,0,0
BRDA:67,4,1,0
BRDA:67,4,2,0
BRDA:67,4,3,0
BRDA:176,5,0,0
BRDA:176,5,1,0
BRDA:176,5,2,0
BRDA:176,5,3,0
BRDA:185,6,0,0
BRDA:185,6,1,0
BRDA:185,6,2,0
BRDA:212,7,0,0
BRDA:212,7,1,0
BRDA:239,8,0,0
BRDA:239,8,1,0
BRF:23
BRH:0
end_of_record
TN:
SF:src\components\booking\staff-availability-modal.tsx
FN:27,StaffAvailabilityModal
FN:58,(anonymous_1)
FN:79,(anonymous_2)
FN:93,(anonymous_3)
FN:95,(anonymous_4)
FN:96,(anonymous_5)
FN:97,(anonymous_6)
FN:101,(anonymous_7)
FN:102,(anonymous_8)
FN:103,(anonymous_9)
FN:143,(anonymous_10)
FN:157,(anonymous_11)
FN:162,(anonymous_12)
FN:166,(anonymous_13)
FN:171,(anonymous_14)
FN:188,(anonymous_15)
FN:192,(anonymous_16)
FN:196,(anonymous_17)
FN:199,(anonymous_18)
FN:200,(anonymous_19)
FN:200,(anonymous_20)
FN:205,(anonymous_21)
FN:223,(anonymous_22)
FN:227,(anonymous_23)
FN:232,(anonymous_24)
FN:236,(anonymous_25)
FN:260,(anonymous_26)
FN:278,(anonymous_27)
FN:295,(anonymous_28)
FN:316,StaffCard
FN:378,(anonymous_30)
FN:399,(anonymous_31)
FN:411,(anonymous_32)
FN:443,TeamCard
FN:492,(anonymous_34)
FNF:35
FNH:0
FNDA:0,StaffAvailabilityModal
FNDA:0,(anonymous_1)
FNDA:0,(anonymous_2)
FNDA:0,(anonymous_3)
FNDA:0,(anonymous_4)
FNDA:0,(anonymous_5)
FNDA:0,(anonymous_6)
FNDA:0,(anonymous_7)
FNDA:0,(anonymous_8)
FNDA:0,(anonymous_9)
FNDA:0,(anonymous_10)
FNDA:0,(anonymous_11)
FNDA:0,(anonymous_12)
FNDA:0,(anonymous_13)
FNDA:0,(anonymous_14)
FNDA:0,(anonymous_15)
FNDA:0,(anonymous_16)
FNDA:0,(anonymous_17)
FNDA:0,(anonymous_18)
FNDA:0,(anonymous_19)
FNDA:0,(anonymous_20)
FNDA:0,(anonymous_21)
FNDA:0,(anonymous_22)
FNDA:0,(anonymous_23)
FNDA:0,(anonymous_24)
FNDA:0,(anonymous_25)
FNDA:0,(anonymous_26)
FNDA:0,(anonymous_27)
FNDA:0,(anonymous_28)
FNDA:0,StaffCard
FNDA:0,(anonymous_30)
FNDA:0,(anonymous_31)
FNDA:0,(anonymous_32)
FNDA:0,TeamCard
FNDA:0,(anonymous_34)
DA:42,0
DA:51,0
DA:52,0
DA:58,0
DA:64,0
DA:65,0
DA:66,0
DA:67,0
DA:71,0
DA:72,0
DA:74,0
DA:76,0
DA:79,0
DA:80,0
DA:82,0
DA:83,0
DA:85,0
DA:87,0
DA:88,0
DA:89,0
DA:93,0
DA:94,0
DA:95,0
DA:96,0
DA:97,0
DA:99,0
DA:101,0
DA:102,0
DA:103,0
DA:105,0
DA:109,0
DA:144,0
DA:158,0
DA:162,0
DA:167,0
DA:171,0
DA:189,0
DA:192,0
DA:198,0
DA:199,0
DA:200,0
DA:201,0
DA:205,0
DA:224,0
DA:227,0
DA:233,0
DA:236,0
DA:261,0
DA:262,0
DA:263,0
DA:279,0
DA:296,0
DA:297,0
DA:329,0
DA:331,0
DA:379,0
DA:400,0
DA:412,0
DA:456,0
DA:458,0
DA:493,0
LF:61
LH:0
BRDA:37,0,0,0
BRDA:64,1,0,0
BRDA:64,1,1,0
BRDA:64,2,0,0
BRDA:64,2,1,0
BRDA:65,3,0,0
BRDA:65,3,1,0
BRDA:71,4,0,0
BRDA:71,4,1,0
BRDA:80,5,0,0
BRDA:80,5,1,0
BRDA:82,6,0,0
BRDA:82,6,1,0
BRDA:94,7,0,0
BRDA:94,7,1,0
BRDA:96,8,0,0
BRDA:96,8,1,0
BRDA:97,9,0,0
BRDA:97,9,1,0
BRDA:102,10,0,0
BRDA:102,10,1,0
BRDA:115,11,0,0
BRDA:115,11,1,0
BRDA:131,12,0,0
BRDA:131,12,1,0
BRDA:134,13,0,0
BRDA:134,13,1,0
BRDA:135,14,0,0
BRDA:135,14,1,0
BRDA:141,15,0,0
BRDA:141,15,1,0
BRDA:150,16,0,0
BRDA:150,16,1,0
BRDA:156,17,0,0
BRDA:156,17,1,0
BRDA:181,18,0,0
BRDA:181,18,1,0
BRDA:187,19,0,0
BRDA:187,19,1,0
BRDA:216,20,0,0
BRDA:216,20,1,0
BRDA:222,21,0,0
BRDA:222,21,1,0
BRDA:247,22,0,0
BRDA:247,22,1,0
BRDA:247,22,2,0
BRDA:247,22,3,0
BRDA:250,23,0,0
BRDA:250,23,1,0
BRDA:261,24,0,0
BRDA:261,24,1,0
BRDA:273,25,0,0
BRDA:273,25,1,0
BRDA:289,26,0,0
BRDA:289,26,1,0
BRDA:320,27,0,0
BRDA:321,28,0,0
BRDA:329,29,0,0
BRDA:329,29,1,0
BRDA:329,30,0,0
BRDA:329,30,1,0
BRDA:329,31,0,0
BRDA:329,31,1,0
BRDA:333,32,0,0
BRDA:333,32,1,0
BRDA:333,33,0,0
BRDA:333,33,1,0
BRDA:338,34,0,0
BRDA:338,34,1,0
BRDA:342,35,0,0
BRDA:342,35,1,0
BRDA:359,36,0,0
BRDA:359,36,1,0
BRDA:366,37,0,0
BRDA:366,37,1,0
BRDA:367,38,0,0
BRDA:367,38,1,0
BRDA:368,39,0,0
BRDA:368,39,1,0
BRDA:376,40,0,0
BRDA:376,40,1,0
BRDA:376,40,2,0
BRDA:388,41,0,0
BRDA:388,41,1,0
BRDA:393,42,0,0
BRDA:393,42,1,0
BRDA:414,43,0,0
BRDA:414,43,1,0
BRDA:432,44,0,0
BRDA:432,44,1,0
BRDA:447,45,0,0
BRDA:448,46,0,0
BRDA:456,47,0,0
BRDA:456,47,1,0
BRDA:456,48,0,0
BRDA:456,48,1,0
BRDA:456,49,0,0
BRDA:456,49,1,0
BRDA:460,50,0,0
BRDA:460,50,1,0
BRDA:460,51,0,0
BRDA:460,51,1,0
BRDA:465,52,0,0
BRDA:465,52,1,0
BRDA:469,53,0,0
BRDA:469,53,1,0
BRDA:494,54,0,0
BRDA:494,54,1,0
BRDA:499,55,0,0
BRDA:499,55,1,0
BRDA:502,56,0,0
BRDA:502,56,1,0
BRDA:502,56,2,0
BRDA:504,57,0,0
BRDA:504,57,1,0
BRDA:514,58,0,0
BRDA:514,58,1,0
BRDA:519,59,0,0
BRDA:519,59,1,0
BRDA:543,60,0,0
BRDA:543,60,1,0
BRF:121
BRH:0
end_of_record
TN:
SF:src\components\chat\chat-area.tsx
FN:18,ChatArea
FN:29,(anonymous_1)
FN:77,(anonymous_2)
FN:97,(anonymous_3)
FNF:4
FNH:0
FNDA:0,ChatArea
FNDA:0,(anonymous_1)
FNDA:0,(anonymous_2)
FNDA:0,(anonymous_3)
DA:25,0
DA:26,0
DA:29,0
DA:30,0
DA:33,0
DA:34,0
DA:47,0
DA:78,0
DA:97,0
LF:9
LH:0
BRDA:33,0,0,0
BRDA:33,0,1,0
BRDA:59,1,0,0
BRDA:59,1,1,0
BRDA:69,2,0,0
BRDA:69,2,1,0
BRDA:95,3,0,0
BRDA:95,3,1,0
BRF:8
BRH:0
end_of_record
TN:
SF:src\components\chat\file-attachment.tsx
FN:13,FileAttachment
FN:22,(anonymous_1)
FN:29,(anonymous_2)
FNF:3
FNH:0
FNDA:0,FileAttachment
FNDA:0,(anonymous_1)
FNDA:0,(anonymous_2)
DA:14,0
DA:15,0
DA:18,0
DA:19,0
DA:22,0
DA:29,0
DA:45,0
LF:7
LH:0
BRDA:18,0,0,0
BRDA:18,0,1,0
BRDA:18,1,0,0
BRDA:18,1,1,0
BRDA:54,2,0,0
BRDA:54,2,1,0
BRDA:63,3,0,0
BRDA:63,3,1,0
BRDA:66,4,0,0
BRDA:66,4,1,0
BRDA:74,5,0,0
BRDA:74,5,1,0
BRDA:82,6,0,0
BRDA:82,6,1,0
BRDA:93,7,0,0
BRDA:93,7,1,0
BRF:16
BRH:0
end_of_record
TN:
SF:src\components\chat\image-lightbox.tsx
FN:12,ImageLightbox
FN:14,(anonymous_1)
FN:15,(anonymous_2)
FN:27,(anonymous_3)
FN:64,(anonymous_4)
FNF:5
FNH:0
FNDA:0,ImageLightbox
FNDA:0,(anonymous_1)
FNDA:0,(anonymous_2)
FNDA:0,(anonymous_3)
FNDA:0,(anonymous_4)
DA:14,0
DA:15,0
DA:16,0
DA:17,0
DA:21,0
DA:22,0
DA:24,0
DA:27,0
DA:28,0
DA:29,0
DA:33,0
DA:35,0
DA:64,0
LF:13
LH:0
BRDA:16,0,0,0
BRDA:16,0,1,0
BRDA:21,1,0,0
BRDA:21,1,1,0
BRDA:33,2,0,0
BRDA:33,2,1,0
BRDA:68,3,0,0
BRDA:68,3,1,0
BRDA:71,4,0,0
BRDA:71,4,1,0
BRF:10
BRH:0
end_of_record
TN:
SF:src\components\chat\message-bubble.tsx
FN:13,MessageBubble
FN:39,(anonymous_1)
FNF:2
FNH:0
FNDA:0,MessageBubble
FNDA:0,(anonymous_1)
DA:14,0
DA:16,0
DA:40,0
LF:3
LH:0
BRDA:14,0,0,0
BRDA:14,0,1,0
BRDA:20,1,0,0
BRDA:20,1,1,0
BRDA:26,2,0,0
BRDA:26,2,1,0
BRDA:32,3,0,0
BRDA:32,3,1,0
BRDA:37,4,0,0
BRDA:37,4,1,0
BRDA:54,5,0,0
BRDA:54,5,1,0
BRDA:58,6,0,0
BRDA:58,6,1,0
BRDA:60,7,0,0
BRDA:60,7,1,0
BRF:16
BRH:0
end_of_record
TN:
SF:src\components\chat\message-input.tsx
FN:11,MessageInput
FN:16,(anonymous_1)
FN:24,(anonymous_2)
FN:31,(anonymous_3)
FN:52,(anonymous_4)
FN:75,(anonymous_5)
FN:85,(anonymous_6)
FNF:7
FNH:0
FNDA:0,MessageInput
FNDA:0,(anonymous_1)
FNDA:0,(anonymous_2)
FNDA:0,(anonymous_3)
FNDA:0,(anonymous_4)
FNDA:0,(anonymous_5)
FNDA:0,(anonymous_6)
DA:12,0
DA:13,0
DA:14,0
DA:16,0
DA:17,0
DA:18,0
DA:19,0
DA:20,0
DA:24,0
DA:25,0
DA:26,0
DA:27,0
DA:31,0
DA:32,0
DA:33,0
DA:34,0
DA:38,0
DA:52,0
DA:75,0
DA:85,0
LF:20
LH:0
BRDA:11,0,0,0
BRDA:17,1,0,0
BRDA:17,1,1,0
BRDA:17,2,0,0
BRDA:17,2,1,0
BRDA:17,2,2,0
BRDA:18,3,0,0
BRDA:18,3,1,0
BRDA:25,4,0,0
BRDA:25,4,1,0
BRDA:25,5,0,0
BRDA:25,5,1,0
BRDA:33,6,0,0
BRDA:33,6,1,0
BRDA:41,7,0,0
BRDA:41,7,1,0
BRDA:95,8,0,0
BRDA:95,8,1,0
BRDA:95,8,2,0
BRF:19
BRH:0
end_of_record
TN:
SF:src\components\chat\new-chat-modal.tsx
FN:25,NewChatModal
FN:35,(anonymous_1)
FN:42,(anonymous_2)
FN:50,(anonymous_3)
FN:74,(anonymous_4)
FN:93,(anonymous_5)
FN:96,(anonymous_6)
FN:129,(anonymous_7)
FNF:8
FNH:0
FNDA:0,NewChatModal
FNDA:0,(anonymous_1)
FNDA:0,(anonymous_2)
FNDA:0,(anonymous_3)
FNDA:0,(anonymous_4)
FNDA:0,(anonymous_5)
FNDA:0,(anonymous_6)
FNDA:0,(anonymous_7)
DA:32,0
DA:33,0
DA:35,0
DA:36,0
DA:37,0
DA:39,0
DA:40,0
DA:43,0
DA:50,0
DA:51,0
DA:52,0
DA:53,0
DA:56,0
DA:74,0
DA:94,0
DA:96,0
DA:129,0
LF:17
LH:0
BRDA:36,0,0,0
BRDA:36,0,1,0
BRDA:43,1,0,0
BRDA:43,1,1,0
BRDA:81,2,0,0
BRDA:81,2,1,0
BRDA:85,3,0,0
BRDA:85,3,1,0
BRDA:88,4,0,0
BRDA:88,4,1,0
BRDA:113,5,0,0
BRDA:113,5,1,0
BRF:12
BRH:0
end_of_record
TN:
SF:src\components\chat\user-list.tsx
FN:32,UserList
FN:44,(anonymous_1)
FN:49,(anonymous_2)
FN:55,(anonymous_3)
FN:70,(anonymous_4)
FN:107,(anonymous_5)
FN:122,(anonymous_6)
FN:125,(anonymous_7)
FN:173,(anonymous_8)
FNF:9
FNH:0
FNDA:0,UserList
FNDA:0,(anonymous_1)
FNDA:0,(anonymous_2)
FNDA:0,(anonymous_3)
FNDA:0,(anonymous_4)
FNDA:0,(anonymous_5)
FNDA:0,(anonymous_6)
FNDA:0,(anonymous_7)
FNDA:0,(anonymous_8)
DA:40,0
DA:41,0
DA:42,0
DA:44,0
DA:45,0
DA:49,0
DA:50,0
DA:51,0
DA:52,0
DA:55,0
DA:56,0
DA:57,0
DA:59,0
DA:60,0
DA:63,0
DA:64,0
DA:71,0
DA:86,0
DA:107,0
DA:123,0
DA:125,0
DA:173,0
LF:22
LH:0
BRDA:45,0,0,0
BRDA:45,0,1,0
BRDA:56,1,0,0
BRDA:56,1,1,0
BRDA:63,2,0,0
BRDA:63,2,1,0
BRDA:113,3,0,0
BRDA:113,3,1,0
BRDA:117,4,0,0
BRDA:117,4,1,0
BRDA:128,5,0,0
BRDA:128,5,1,0
BRDA:142,6,0,0
BRDA:142,6,1,0
BRDA:145,7,0,0
BRDA:145,7,1,0
BRDA:148,8,0,0
BRDA:148,8,1,0
BRDA:159,9,0,0
BRDA:159,9,1,0
BRDA:164,10,0,0
BRDA:164,10,1,0
BRDA:183,11,0,0
BRDA:183,11,1,0
BRDA:185,12,0,0
BRDA:185,12,1,0
BRDA:188,13,0,0
BRDA:188,13,1,0
BRF:28
BRH:0
end_of_record
TN:
SF:src\components\common\ConfirmDialog.tsx
FN:23,ConfirmDialog
FNF:1
FNH:0
FNDA:0,ConfirmDialog
DA:33,0
LF:1
LH:0
BRDA:29,0,0,0
BRDA:30,1,0,0
BRDA:31,2,0,0
BRDA:45,3,0,0
BRDA:45,3,1,0
BRF:5
BRH:0
end_of_record
TN:
SF:src\components\common\DeleteButton.tsx
FN:14,DeleteButton
FN:24,(anonymous_1)
FN:41,(anonymous_2)
FNF:3
FNH:0
FNDA:0,DeleteButton
FNDA:0,(anonymous_1)
FNDA:0,(anonymous_2)
DA:21,0
DA:22,0
DA:24,0
DA:25,0
DA:26,0
DA:27,0
DA:28,0
DA:30,0
DA:32,0
DA:36,0
DA:42,0
DA:43,0
LF:12
LH:0
BRDA:17,0,0,0
BRDA:18,1,0,0
BRDA:19,2,0,0
BRDA:48,3,0,0
BRDA:48,3,1,0
BRF:5
BRH:0
end_of_record
TN:
SF:src\components\common\ConfirmDialog\ConfirmDialog.tsx
FN:129,(anonymous_0)
FN:141,(anonymous_1)
FN:145,(anonymous_2)
FNF:3
FNH:0
FNDA:0,(anonymous_0)
FNDA:0,(anonymous_1)
FNDA:0,(anonymous_2)
DA:14,0
DA:129,0
DA:141,0
DA:142,0
DA:145,0
DA:146,0
DA:147,0
DA:149,0
DA:152,0
DA:184,0
LF:10
LH:0
BRDA:134,0,0,0
BRDA:135,1,0,0
BRDA:136,2,0,0
BRDA:139,3,0,0
BRDA:146,4,0,0
BRDA:146,4,1,0
BRDA:175,5,0,0
BRDA:175,5,1,0
BRF:8
BRH:0
end_of_record
TN:
SF:src\components\common\ConfirmDialog\index.ts
FNF:0
FNH:0
LF:0
LH:0
BRF:0
BRH:0
end_of_record
TN:
SF:src\components\common\DataTableFilters\DataTableFilters.tsx
FN:54,(anonymous_0)
FN:109,DataTableFilters
FN:125,(anonymous_2)
FN:126,(anonymous_3)
FN:139,(anonymous_4)
FN:140,(anonymous_5)
FN:147,(anonymous_6)
FNF:7
FNH:0
FNDA:0,(anonymous_0)
FNDA:0,DataTableFilters
FNDA:0,(anonymous_2)
FNDA:0,(anonymous_3)
FNDA:0,(anonymous_4)
FNDA:0,(anonymous_5)
FNDA:0,(anonymous_6)
DA:54,0
DA:56,0
DA:57,0
DA:61,0
DA:62,0
DA:66,0
DA:67,0
DA:71,0
DA:75,0
DA:79,0
DA:119,0
DA:125,0
DA:126,0
DA:128,0
DA:129,0
DA:132,0
DA:139,0
DA:140,0
DA:147,0
DA:148,0
DA:151,0
DA:205,0
LF:22
LH:0
BRDA:56,0,0,0
BRDA:56,0,1,0
BRDA:56,1,0,0
BRDA:56,1,1,0
BRDA:61,2,0,0
BRDA:61,2,1,0
BRDA:61,3,0,0
BRDA:61,3,1,0
BRDA:66,4,0,0
BRDA:66,4,1,0
BRDA:66,5,0,0
BRDA:66,5,1,0
BRDA:71,6,0,0
BRDA:71,6,1,0
BRDA:72,7,0,0
BRDA:72,7,1,0
BRDA:72,7,2,0
BRDA:115,8,0,0
BRDA:116,9,0,0
BRDA:117,10,0,0
BRDA:128,11,0,0
BRDA:128,11,1,0
BRDA:157,12,0,0
BRDA:157,12,1,0
BRDA:165,13,0,0
BRDA:165,13,1,0
BRDA:182,14,0,0
BRDA:182,14,1,0
BRDA:184,15,0,0
BRDA:184,15,1,0
BRDA:194,16,0,0
BRDA:194,16,1,0
BRF:32
BRH:0
end_of_record
TN:
SF:src\components\common\DataTableFilters\index.ts
FNF:0
FNH:0
LF:0
LH:0
BRF:0
BRH:0
end_of_record
TN:
SF:src\components\common\EmptyState\EmptyState.tsx
FN:111,(anonymous_0)
FNF:1
FNH:0
FNDA:0,(anonymous_0)
DA:111,0
DA:119,0
DA:169,0
LF:3
LH:0
BRDA:127,0,0,0
BRDA:127,0,1,0
BRDA:139,1,0,0
BRDA:139,1,1,0
BRDA:142,2,0,0
BRDA:142,2,1,0
BRDA:142,2,2,0
BRDA:148,3,0,0
BRDA:148,3,1,0
BRDA:150,4,0,0
BRDA:150,4,1,0
BRDA:155,5,0,0
BRDA:155,5,1,0
BRF:13
BRH:0
end_of_record
TN:
SF:src\components\common\EmptyState\index.ts
FNF:0
FNH:0
LF:0
LH:0
BRF:0
BRH:0
end_of_record
TN:
SF:src\components\common\StatCard\StatCard.tsx
FN:126,(anonymous_0)
FN:138,(anonymous_1)
FN:152,(anonymous_2)
FNF:3
FNH:3
FNDA:28,(anonymous_0)
FNDA:6,(anonymous_1)
FNDA:6,(anonymous_2)
DA:126,1
DA:138,28
DA:139,6
DA:141,4
DA:143,1
DA:145,1
DA:147,0
DA:152,28
DA:153,6
DA:155,4
DA:157,1
DA:159,1
DA:161,0
DA:165,28
DA:166,1
DA:180,27
DA:182,28
DA:247,1
LF:18
LH:16
BRDA:131,0,0,28
BRDA:135,1,0,28
BRDA:139,2,0,4
BRDA:139,2,1,1
BRDA:139,2,2,1
BRDA:139,2,3,0
BRDA:153,3,0,4
BRDA:153,3,1,1
BRDA:153,3,2,1
BRDA:153,3,3,0
BRDA:165,4,0,1
BRDA:165,4,1,27
BRDA:180,5,0,6
BRDA:180,5,1,21
BRDA:186,6,0,28
BRDA:186,6,1,3
BRDA:202,7,0,28
BRDA:202,7,1,4
BRDA:202,7,2,2
BRDA:206,8,0,28
BRDA:206,8,1,6
BRDA:208,9,0,6
BRDA:208,9,1,2
BRDA:217,10,0,6
BRDA:217,10,1,5
BRDA:219,11,0,6
BRDA:219,11,1,4
BRDA:230,12,0,28
BRDA:230,12,1,3
BRF:29
BRH:27
end_of_record
TN:
SF:src\components\common\StatCard\index.ts
FNF:0
FNH:0
LF:0
LH:0
BRF:0
BRH:0
end_of_record
TN:
SF:src\components\common\StatusBadge\StatusBadge.tsx
FN:49,(anonymous_0)
FNF:1
FNH:1
FNDA:28,(anonymous_0)
DA:5,1
DA:49,1
DA:55,28
DA:65,1
LF:4
LH:4
BRF:0
BRH:0
end_of_record
TN:
SF:src\components\common\StatusBadge\index.ts
FNF:0
FNH:0
LF:0
LH:0
BRF:0
BRH:0
end_of_record
TN:
SF:src\components\customers\tag-input.tsx
FN:39,TagInput
FN:43,(anonymous_1)
FN:52,(anonymous_2)
FN:53,(anonymous_3)
FN:56,(anonymous_4)
FN:66,(anonymous_5)
FN:76,(anonymous_6)
FN:85,(anonymous_7)
FN:101,(anonymous_8)
FN:106,(anonymous_9)
FN:114,(anonymous_10)
FN:124,(anonymous_11)
FN:128,(anonymous_12)
FNF:13
FNH:0
FNDA:0,TagInput
FNDA:0,(anonymous_1)
FNDA:0,(anonymous_2)
FNDA:0,(anonymous_3)
FNDA:0,(anonymous_4)
FNDA:0,(anonymous_5)
FNDA:0,(anonymous_6)
FNDA:0,(anonymous_7)
FNDA:0,(anonymous_8)
FNDA:0,(anonymous_9)
FNDA:0,(anonymous_10)
FNDA:0,(anonymous_11)
FNDA:0,(anonymous_12)
DA:15,0
DA:40,0
DA:41,0
DA:43,0
DA:44,0
DA:45,0
DA:46,0
DA:47,0
DA:48,0
DA:52,0
DA:53,0
DA:56,0
DA:57,0
DA:58,0
DA:59,0
DA:60,0
DA:61,0
DA:65,0
DA:67,0
DA:71,0
DA:77,0
DA:85,0
DA:102,0
DA:103,0
DA:106,0
DA:114,0
DA:125,0
DA:128,0
LF:28
LH:0
BRDA:39,0,0,0
BRDA:45,1,0,0
BRDA:45,1,1,0
BRDA:45,2,0,0
BRDA:45,2,1,0
BRDA:57,3,0,0
BRDA:57,3,1,0
BRDA:60,4,0,0
BRDA:60,4,1,0
BRDA:60,5,0,0
BRDA:60,5,1,0
BRDA:60,5,2,0
BRDA:67,6,0,0
BRDA:67,6,1,0
BRDA:74,7,0,0
BRDA:74,7,1,0
BRDA:122,8,0,0
BRDA:122,8,1,0
BRDA:122,8,2,0
BRF:19
BRH:0
end_of_record
TN:
SF:src\components\dashboard\BookingStatusChart.tsx
FN:16,BookingStatusChartComponent
FN:48,(anonymous_1)
FN:53,(anonymous_2)
FN:54,(anonymous_3)
FN:69,(anonymous_4)
FN:70,(anonymous_5)
FNF:6
FNH:0
FNDA:0,BookingStatusChartComponent
FNDA:0,(anonymous_1)
FNDA:0,(anonymous_2)
FNDA:0,(anonymous_3)
FNDA:0,(anonymous_4)
FNDA:0,(anonymous_5)
DA:17,0
DA:49,0
DA:54,0
DA:55,0
DA:56,0
DA:70,0
DA:71,0
DA:72,0
DA:98,0
LF:9
LH:0
BRDA:26,0,0,0
BRDA:26,0,1,0
BRF:2
BRH:0
end_of_record
TN:
SF:src\components\dashboard\RevenueChart.tsx
FN:16,RevenueChartComponent
FN:31,(anonymous_1)
FNF:2
FNH:0
FNDA:0,RevenueChartComponent
FNDA:0,(anonymous_1)
DA:17,0
DA:31,0
DA:40,0
LF:3
LH:0
BRF:0
BRH:0
end_of_record
TN:
SF:src\components\dashboard\TodayAppointments.tsx
FN:52,TodayAppointmentsComponent
FN:79,(anonymous_1)
FN:83,(anonymous_2)
FN:162,(anonymous_3)
FN:162,(anonymous_4)
FN:171,(anonymous_5)
FN:171,(anonymous_6)
FNF:7
FNH:0
FNDA:0,TodayAppointmentsComponent
FNDA:0,(anonymous_1)
FNDA:0,(anonymous_2)
FNDA:0,(anonymous_3)
FNDA:0,(anonymous_4)
FNDA:0,(anonymous_5)
FNDA:0,(anonymous_6)
DA:53,0
DA:54,0
DA:56,0
DA:61,0
DA:63,0
DA:80,0
DA:83,0
DA:162,0
DA:171,0
DA:188,0
LF:10
LH:0
BRDA:73,0,0,0
BRDA:73,0,1,0
BRDA:89,1,0,0
BRDA:89,1,1,0
BRDA:92,2,0,0
BRDA:92,2,1,0
BRDA:102,3,0,0
BRDA:102,3,1,0
BRDA:104,4,0,0
BRDA:104,4,1,0
BRDA:113,5,0,0
BRDA:113,5,1,0
BRDA:115,6,0,0
BRDA:115,6,1,0
BRDA:125,7,0,0
BRDA:125,7,1,0
BRDA:131,8,0,0
BRDA:131,8,1,0
BRDA:151,9,0,0
BRDA:151,9,1,0
BRF:20
BRH:0
end_of_record
TN:
SF:src\components\dashboard\index.ts
FNF:0
FNH:0
LF:0
LH:0
BRF:0
BRH:0
end_of_record
TN:
SF:src\components\layout\header.tsx
FN:29,Header
FN:38,(anonymous_1)
FN:39,(anonymous_2)
FN:42,(anonymous_3)
FN:46,(anonymous_4)
FN:49,(anonymous_5)
FN:68,(anonymous_6)
FN:85,(anonymous_7)
FN:106,(anonymous_8)
FN:130,(anonymous_9)
FN:149,(anonymous_10)
FN:150,(anonymous_11)
FN:154,(anonymous_12)
FN:157,(anonymous_13)
FN:165,(anonymous_14)
FN:172,(anonymous_15)
FN:206,(anonymous_16)
FN:257,(anonymous_17)
FN:258,(anonymous_18)
FN:266,(anonymous_19)
FN:269,(anonymous_20)
FNF:21
FNH:0
FNDA:0,Header
FNDA:0,(anonymous_1)
FNDA:0,(anonymous_2)
FNDA:0,(anonymous_3)
FNDA:0,(anonymous_4)
FNDA:0,(anonymous_5)
FNDA:0,(anonymous_6)
FNDA:0,(anonymous_7)
FNDA:0,(anonymous_8)
FNDA:0,(anonymous_9)
FNDA:0,(anonymous_10)
FNDA:0,(anonymous_11)
FNDA:0,(anonymous_12)
FNDA:0,(anonymous_13)
FNDA:0,(anonymous_14)
FNDA:0,(anonymous_15)
FNDA:0,(anonymous_16)
FNDA:0,(anonymous_17)
FNDA:0,(anonymous_18)
FNDA:0,(anonymous_19)
FNDA:0,(anonymous_20)
DA:30,0
DA:31,0
DA:32,0
DA:33,0
DA:34,0
DA:35,0
DA:38,0
DA:39,0
DA:40,0
DA:41,0
DA:42,0
DA:45,0
DA:46,0
DA:49,0
DA:50,0
DA:52,0
DA:53,0
DA:54,0
DA:57,0
DA:58,0
DA:60,0
DA:62,0
DA:68,0
DA:69,0
DA:79,0
DA:85,0
DA:86,0
DA:96,0
DA:106,0
DA:107,0
DA:108,0
DA:112,0
DA:113,0
DA:124,0
DA:130,0
DA:131,0
DA:140,0
DA:141,0
DA:143,0
DA:145,0
DA:149,0
DA:150,0
DA:151,0
DA:154,0
DA:157,0
DA:158,0
DA:159,0
DA:160,0
DA:161,0
DA:165,0
DA:166,0
DA:167,0
DA:168,0
DA:172,0
DA:173,0
DA:175,0
DA:177,0
DA:179,0
DA:181,0
DA:183,0
DA:187,0
DA:206,0
DA:258,0
DA:259,0
DA:261,0
DA:267,0
DA:269,0
LF:67
LH:0
BRDA:40,0,0,0
BRDA:40,0,1,0
BRDA:40,1,0,0
BRDA:40,1,1,0
BRDA:40,1,2,0
BRDA:52,2,0,0
BRDA:52,2,1,0
BRDA:52,3,0,0
BRDA:52,3,1,0
BRDA:108,4,0,0
BRDA:108,4,1,0
BRDA:112,5,0,0
BRDA:112,5,1,0
BRDA:166,6,0,0
BRDA:166,6,1,0
BRDA:173,7,0,0
BRDA:173,7,1,0
BRDA:173,7,2,0
BRDA:173,7,3,0
BRDA:173,7,4,0
BRDA:217,8,0,0
BRDA:217,8,1,0
BRDA:239,9,0,0
BRDA:239,9,1,0
BRDA:245,10,0,0
BRDA:245,10,1,0
BRDA:245,10,2,0
BRDA:251,11,0,0
BRDA:251,11,1,0
BRDA:251,11,2,0
BRDA:251,11,3,0
BRDA:255,12,0,0
BRDA:255,12,1,0
BRDA:255,12,2,0
BRDA:259,13,0,0
BRDA:259,13,1,0
BRF:36
BRH:0
end_of_record
TN:
SF:src\components\layout\main-layout.tsx
FN:6,MainLayout
FN:9,(anonymous_1)
FN:13,(anonymous_2)
FNF:3
FNH:0
FNDA:0,MainLayout
FNDA:0,(anonymous_1)
FNDA:0,(anonymous_2)
DA:7,0
DA:9,0
DA:10,0
DA:13,0
DA:14,0
DA:17,0
LF:6
LH:0
BRF:0
BRH:0
end_of_record
TN:
SF:src\components\layout\sidebar.tsx
FN:49,Sidebar
FN:59,(anonymous_1)
FN:62,(anonymous_2)
FN:85,(anonymous_3)
FN:91,(anonymous_4)
FN:97,(anonymous_5)
FN:100,(anonymous_6)
FN:114,(anonymous_7)
FN:175,(anonymous_8)
FNF:9
FNH:0
FNDA:0,Sidebar
FNDA:0,(anonymous_1)
FNDA:0,(anonymous_2)
FNDA:0,(anonymous_3)
FNDA:0,(anonymous_4)
FNDA:0,(anonymous_5)
FNDA:0,(anonymous_6)
FNDA:0,(anonymous_7)
FNDA:0,(anonymous_8)
DA:22,0
DA:37,0
DA:50,0
DA:51,0
DA:52,0
DA:53,0
DA:54,0
DA:56,0
DA:59,0
DA:60,0
DA:62,0
DA:63,0
DA:69,0
DA:72,0
DA:75,0
DA:86,0
DA:91,0
DA:92,0
DA:97,0
DA:98,0
DA:100,0
DA:101,0
DA:107,0
DA:111,0
DA:114,0
DA:115,0
DA:116,0
DA:117,0
DA:121,0
DA:122,0
DA:124,0
DA:128,0
DA:176,0
DA:177,0
DA:178,0
LF:35
LH:0
BRDA:56,0,0,0
BRDA:56,0,1,0
BRDA:60,1,0,0
BRDA:60,1,1,0
BRDA:69,2,0,0
BRDA:69,2,1,0
BRDA:98,3,0,0
BRDA:98,3,1,0
BRDA:107,4,0,0
BRDA:107,4,1,0
BRDA:131,5,0,0
BRDA:131,5,1,0
BRDA:142,6,0,0
BRDA:142,6,1,0
BRDA:185,7,0,0
BRDA:185,7,1,0
BRDA:192,8,0,0
BRDA:192,8,1,0
BRDA:192,8,2,0
BRDA:194,9,0,0
BRDA:194,9,1,0
BRDA:212,10,0,0
BRDA:212,10,1,0
BRF:23
BRH:0
end_of_record
TN:
SF:src\components\notifications\notification-bell.tsx
FN:15,NotificationBell
FN:26,(anonymous_1)
FN:107,(anonymous_2)
FN:151,(anonymous_3)
FN:161,(anonymous_4)
FNF:5
FNH:0
FNDA:0,NotificationBell
FNDA:0,(anonymous_1)
FNDA:0,(anonymous_2)
FNDA:0,(anonymous_3)
FNDA:0,(anonymous_4)
DA:24,0
DA:26,0
DA:27,0
DA:29,0
DA:31,0
DA:33,0
DA:35,0
DA:37,0
DA:39,0
DA:41,0
DA:43,0
DA:47,0
DA:108,0
DA:151,0
DA:161,0
LF:15
LH:0
BRDA:27,0,0,0
BRDA:27,0,1,0
BRDA:27,0,2,0
BRDA:27,0,3,0
BRDA:27,0,4,0
BRDA:27,0,5,0
BRDA:27,0,6,0
BRDA:27,0,7,0
BRDA:52,1,0,0
BRDA:52,1,1,0
BRDA:57,2,0,0
BRDA:57,2,1,0
BRDA:67,3,0,0
BRDA:67,3,1,0
BRDA:78,4,0,0
BRDA:78,4,1,0
BRDA:94,5,0,0
BRDA:94,5,1,0
BRDA:98,6,0,0
BRDA:98,6,1,0
BRDA:112,7,0,0
BRDA:112,7,1,0
BRDA:116,8,0,0
BRDA:116,8,1,0
BRDA:146,9,0,0
BRDA:146,9,1,0
BRF:26
BRH:0
end_of_record
TN:
SF:src\components\notifications\notification-prompt.tsx
FN:11,NotificationPrompt
FN:31,(anonymous_1)
FN:43,(anonymous_2)
FN:52,(anonymous_3)
FN:64,NotificationStatus
FNF:5
FNH:0
FNDA:0,NotificationPrompt
FNDA:0,(anonymous_1)
FNDA:0,(anonymous_2)
FNDA:0,(anonymous_3)
FNDA:0,NotificationStatus
DA:12,0
DA:14,0
DA:16,0
DA:32,0
DA:33,0
DA:43,0
DA:52,0
DA:65,0
DA:66,0
DA:74,0
LF:10
LH:0
BRDA:14,0,0,0
BRDA:14,0,1,0
BRDA:33,1,0,0
BRDA:33,1,1,0
BRDA:40,2,0,0
BRDA:40,2,1,0
BRDA:65,3,0,0
BRDA:65,3,1,0
BRF:8
BRH:0
end_of_record
TN:
SF:src\components\payment\PromptPayQR.tsx
FN:14,PromptPayQR
FN:19,(anonymous_1)
FN:49,(anonymous_2)
FN:135,(anonymous_3)
FNF:4
FNH:0
FNDA:0,PromptPayQR
FNDA:0,(anonymous_1)
FNDA:0,(anonymous_2)
FNDA:0,(anonymous_3)
DA:15,0
DA:16,0
DA:17,0
DA:19,0
DA:20,0
DA:21,0
DA:22,0
DA:25,0
DA:28,0
DA:31,0
DA:40,0
DA:42,0
DA:43,0
DA:45,0
DA:49,0
DA:50,0
DA:53,0
DA:54,0
DA:66,0
DA:67,0
DA:79,0
DA:135,0
LF:22
LH:0
BRDA:53,0,0,0
BRDA:53,0,1,0
BRDA:66,1,0,0
BRDA:66,1,1,0
BRDA:94,2,0,0
BRDA:94,2,1,0
BRF:6
BRH:0
end_of_record
TN:
SF:src\components\payment\SlipUpload.tsx
FN:16,SlipUpload
FN:24,handleFileSelect
FN:52,(anonymous_2)
FN:58,handleRemoveFile
FN:66,handleUpload
FN:130,(anonymous_5)
FN:196,(anonymous_6)
FNF:7
FNH:0
FNDA:0,SlipUpload
FNDA:0,handleFileSelect
FNDA:0,(anonymous_2)
FNDA:0,handleRemoveFile
FNDA:0,handleUpload
FNDA:0,(anonymous_5)
FNDA:0,(anonymous_6)
DA:17,0
DA:18,0
DA:19,0
DA:20,0
DA:21,0
DA:22,0
DA:25,0
DA:26,0
DA:29,0
DA:30,0
DA:35,0
DA:39,0
DA:40,0
DA:45,0
DA:48,0
DA:51,0
DA:52,0
DA:53,0
DA:55,0
DA:59,0
DA:60,0
DA:61,0
DA:62,0
DA:67,0
DA:69,0
DA:70,0
DA:73,0
DA:76,0
DA:77,0
DA:78,0
DA:81,0
DA:88,0
DA:90,0
DA:91,0
DA:93,0
DA:97,0
DA:102,0
DA:105,0
DA:115,0
DA:120,0
DA:122,0
DA:130,0
DA:131,0
DA:134,0
DA:135,0
DA:141,0
DA:145,0
DA:146,0
DA:165,0
DA:196,0
LF:50
LH:0
BRDA:26,0,0,0
BRDA:26,0,1,0
BRDA:29,1,0,0
BRDA:29,1,1,0
BRDA:39,2,0,0
BRDA:39,2,1,0
BRDA:61,3,0,0
BRDA:61,3,1,0
BRDA:67,4,0,0
BRDA:67,4,1,0
BRDA:73,5,0,0
BRDA:73,5,1,0
BRDA:88,6,0,0
BRDA:88,6,1,0
BRDA:90,7,0,0
BRDA:90,7,1,0
BRDA:102,8,0,0
BRDA:102,8,1,0
BRDA:111,9,0,0
BRDA:111,9,1,0
BRDA:115,10,0,0
BRDA:115,10,1,0
BRDA:124,11,0,0
BRDA:124,11,1,0
BRDA:145,12,0,0
BRDA:145,12,1,0
BRDA:194,13,0,0
BRDA:194,13,1,0
BRDA:240,14,0,0
BRDA:240,14,1,0
BRDA:247,15,0,0
BRDA:247,15,1,0
BRF:32
BRH:0
end_of_record
TN:
SF:src\components\reports\MetricCard.tsx
FN:31,MetricCard
FNF:1
FNH:0
FNDA:0,MetricCard
DA:39,0
DA:41,0
LF:2
LH:0
BRDA:36,0,0,0
BRDA:37,1,0,0
BRDA:53,2,0,0
BRDA:53,2,1,0
BRDA:57,3,0,0
BRDA:57,3,1,0
BRDA:59,4,0,0
BRDA:59,4,1,0
BRDA:66,5,0,0
BRDA:66,5,1,0
BRF:10
BRH:0
end_of_record
TN:
SF:src\components\reports\tabs\CustomersTab.tsx
FN:59,CustomersTabComponent
FN:210,(anonymous_1)
FN:218,(anonymous_2)
FN:226,(anonymous_3)
FN:268,(anonymous_4)
FN:271,(anonymous_5)
FN:333,(anonymous_6)
FNF:7
FNH:0
FNDA:0,CustomersTabComponent
FNDA:0,(anonymous_1)
FNDA:0,(anonymous_2)
FNDA:0,(anonymous_3)
FNDA:0,(anonymous_4)
FNDA:0,(anonymous_5)
FNDA:0,(anonymous_6)
DA:66,0
DA:211,0
DA:212,0
DA:219,0
DA:227,0
DA:268,0
DA:271,0
DA:334,0
DA:367,0
LF:9
LH:0
BRDA:211,0,0,0
BRDA:211,0,1,0
BRDA:212,1,0,0
BRDA:212,1,1,0
BRDA:326,2,0,0
BRDA:326,2,1,0
BRF:6
BRH:0
end_of_record
TN:
SF:src\components\reports\tabs\RevenueBookingsTab.tsx
FN:84,RevenueBookingsTabComponent
FN:163,(anonymous_1)
FN:166,(anonymous_2)
FN:245,(anonymous_3)
FN:249,(anonymous_4)
FN:257,(anonymous_5)
FN:284,(anonymous_6)
FN:292,(anonymous_7)
FN:296,(anonymous_8)
FN:451,(anonymous_9)
FN:458,(anonymous_10)
FN:458,(anonymous_11)
FN:463,(anonymous_12)
FN:465,(anonymous_13)
FN:468,(anonymous_14)
FN:494,(anonymous_15)
FNF:16
FNH:0
FNDA:0,RevenueBookingsTabComponent
FNDA:0,(anonymous_1)
FNDA:0,(anonymous_2)
FNDA:0,(anonymous_3)
FNDA:0,(anonymous_4)
FNDA:0,(anonymous_5)
FNDA:0,(anonymous_6)
FNDA:0,(anonymous_7)
FNDA:0,(anonymous_8)
FNDA:0,(anonymous_9)
FNDA:0,(anonymous_10)
FNDA:0,(anonymous_11)
FNDA:0,(anonymous_12)
FNDA:0,(anonymous_13)
FNDA:0,(anonymous_14)
FNDA:0,(anonymous_15)
DA:94,0
DA:163,0
DA:166,0
DA:245,0
DA:250,0
DA:258,0
DA:285,0
DA:286,0
DA:293,0
DA:296,0
DA:452,0
DA:458,0
DA:459,0
DA:464,0
DA:465,0
DA:467,0
DA:468,0
DA:469,0
DA:470,0
DA:472,0
DA:495,0
DA:511,0
LF:22
LH:0
BRDA:245,0,0,0
BRDA:245,0,1,0
BRDA:246,1,0,0
BRDA:246,1,1,0
BRDA:246,2,0,0
BRDA:246,2,1,0
BRDA:246,3,0,0
BRDA:246,3,1,0
BRDA:285,4,0,0
BRDA:285,4,1,0
BRDA:286,5,0,0
BRDA:286,5,1,0
BRDA:396,6,0,0
BRDA:396,6,1,0
BRDA:465,7,0,0
BRDA:465,7,1,0
BRDA:467,8,0,0
BRDA:467,8,1,0
BRDA:469,9,0,0
BRDA:469,9,1,0
BRDA:477,10,0,0
BRDA:477,10,1,0
BRDA:478,11,0,0
BRDA:478,11,1,0
BRDA:482,12,0,0
BRDA:482,12,1,0
BRF:26
BRH:0
end_of_record
TN:
SF:src\components\reports\tabs\StaffTab.tsx
FN:54,StaffTabComponent
FN:111,(anonymous_1)
FN:113,(anonymous_2)
FN:132,(anonymous_3)
FN:135,(anonymous_4)
FN:167,(anonymous_5)
FN:168,(anonymous_6)
FN:172,(anonymous_7)
FN:178,(anonymous_8)
FN:186,(anonymous_9)
FN:205,(anonymous_10)
FN:206,(anonymous_11)
FN:208,(anonymous_12)
FN:278,(anonymous_13)
FN:279,(anonymous_14)
FNF:15
FNH:0
FNDA:0,StaffTabComponent
FNDA:0,(anonymous_1)
FNDA:0,(anonymous_2)
FNDA:0,(anonymous_3)
FNDA:0,(anonymous_4)
FNDA:0,(anonymous_5)
FNDA:0,(anonymous_6)
FNDA:0,(anonymous_7)
FNDA:0,(anonymous_8)
FNDA:0,(anonymous_9)
FNDA:0,(anonymous_10)
FNDA:0,(anonymous_11)
FNDA:0,(anonymous_12)
FNDA:0,(anonymous_13)
FNDA:0,(anonymous_14)
DA:58,0
DA:111,0
DA:113,0
DA:132,0
DA:135,0
DA:167,0
DA:168,0
DA:172,0
DA:179,0
DA:180,0
DA:187,0
DA:205,0
DA:206,0
DA:209,0
DA:278,0
DA:280,0
DA:361,0
LF:17
LH:0
BRDA:179,0,0,0
BRDA:179,0,1,0
BRDA:180,1,0,0
BRDA:180,1,1,0
BRDA:180,2,0,0
BRDA:180,2,1,0
BRDA:270,3,0,0
BRDA:270,3,1,0
BRDA:310,4,0,0
BRDA:310,4,1,0
BRDA:312,5,0,0
BRDA:312,5,1,0
BRDA:330,6,0,0
BRDA:330,6,1,0
BRF:14
BRH:0
end_of_record
TN:
SF:src\components\reports\tabs\TeamsTab.tsx
FN:35,TeamsTabComponent
FN:52,(anonymous_1)
FN:62,(anonymous_2)
FN:72,(anonymous_3)
FN:74,(anonymous_4)
FN:75,(anonymous_5)
FN:96,(anonymous_6)
FN:99,(anonymous_7)
FN:100,(anonymous_8)
FN:103,(anonymous_9)
FN:119,(anonymous_10)
FN:122,(anonymous_11)
FN:157,(anonymous_12)
FN:161,(anonymous_13)
FN:166,(anonymous_14)
FN:174,(anonymous_15)
FN:193,(anonymous_16)
FN:194,(anonymous_17)
FN:196,(anonymous_18)
FN:230,(anonymous_19)
FN:231,(anonymous_20)
FN:232,(anonymous_21)
FN:233,(anonymous_22)
FN:237,(anonymous_23)
FN:239,(anonymous_24)
FN:328,(anonymous_25)
FN:330,(anonymous_26)
FN:331,(anonymous_27)
FN:332,(anonymous_28)
FN:334,(anonymous_29)
FN:335,(anonymous_30)
FN:351,(anonymous_31)
FN:352,(anonymous_32)
FNF:33
FNH:0
FNDA:0,TeamsTabComponent
FNDA:0,(anonymous_1)
FNDA:0,(anonymous_2)
FNDA:0,(anonymous_3)
FNDA:0,(anonymous_4)
FNDA:0,(anonymous_5)
FNDA:0,(anonymous_6)
FNDA:0,(anonymous_7)
FNDA:0,(anonymous_8)
FNDA:0,(anonymous_9)
FNDA:0,(anonymous_10)
FNDA:0,(anonymous_11)
FNDA:0,(anonymous_12)
FNDA:0,(anonymous_13)
FNDA:0,(anonymous_14)
FNDA:0,(anonymous_15)
FNDA:0,(anonymous_16)
FNDA:0,(anonymous_17)
FNDA:0,(anonymous_18)
FNDA:0,(anonymous_19)
FNDA:0,(anonymous_20)
FNDA:0,(anonymous_21)
FNDA:0,(anonymous_22)
FNDA:0,(anonymous_23)
FNDA:0,(anonymous_24)
FNDA:0,(anonymous_25)
FNDA:0,(anonymous_26)
FNDA:0,(anonymous_27)
FNDA:0,(anonymous_28)
FNDA:0,(anonymous_29)
FNDA:0,(anonymous_30)
FNDA:0,(anonymous_31)
FNDA:0,(anonymous_32)
DA:38,0
DA:52,0
DA:62,0
DA:73,0
DA:74,0
DA:75,0
DA:96,0
DA:99,0
DA:100,0
DA:103,0
DA:119,0
DA:122,0
DA:157,0
DA:161,0
DA:167,0
DA:168,0
DA:175,0
DA:193,0
DA:194,0
DA:197,0
DA:230,0
DA:232,0
DA:233,0
DA:234,0
DA:238,0
DA:239,0
DA:240,0
DA:242,0
DA:329,0
DA:330,0
DA:331,0
DA:332,0
DA:333,0
DA:334,0
DA:335,0
DA:336,0
DA:337,0
DA:339,0
DA:351,0
DA:353,0
DA:450,0
LF:41
LH:0
BRDA:167,0,0,0
BRDA:167,0,1,0
BRDA:168,1,0,0
BRDA:168,1,1,0
BRDA:168,2,0,0
BRDA:168,2,1,0
BRDA:240,3,0,0
BRDA:240,3,1,0
BRDA:254,4,0,0
BRDA:254,4,1,0
BRDA:256,5,0,0
BRDA:256,5,1,0
BRDA:320,6,0,0
BRDA:320,6,1,0
BRDA:337,7,0,0
BRDA:337,7,1,0
BRDA:356,8,0,0
BRDA:356,8,1,0
BRDA:357,9,0,0
BRDA:357,9,1,0
BRDA:384,10,0,0
BRDA:384,10,1,0
BRDA:386,11,0,0
BRDA:386,11,1,0
BRDA:399,12,0,0
BRDA:399,12,1,0
BRDA:401,13,0,0
BRDA:401,13,1,0
BRDA:419,14,0,0
BRDA:419,14,1,0
BRF:30
BRH:0
end_of_record
TN:
SF:src\components\staff\booking-card.tsx
FN:21,(anonymous_0)
FN:38,(anonymous_1)
FN:55,BookingCard2
FN:68,(anonymous_3)
FN:73,(anonymous_4)
FN:78,(anonymous_5)
FN:83,(anonymous_6)
FN:93,(anonymous_7)
FN:100,(anonymous_8)
FN:187,(anonymous_9)
FN:200,(anonymous_10)
FN:222,(anonymous_11)
FN:253,(anonymous_12)
FNF:13
FNH:0
FNDA:0,(anonymous_0)
FNDA:0,(anonymous_1)
FNDA:0,BookingCard2
FNDA:0,(anonymous_3)
FNDA:0,(anonymous_4)
FNDA:0,(anonymous_5)
FNDA:0,(anonymous_6)
FNDA:0,(anonymous_7)
FNDA:0,(anonymous_8)
FNDA:0,(anonymous_9)
FNDA:0,(anonymous_10)
FNDA:0,(anonymous_11)
FNDA:0,(anonymous_12)
DA:21,0
DA:22,0
DA:24,0
DA:26,0
DA:28,0
DA:30,0
DA:32,0
DA:34,0
DA:38,0
DA:39,0
DA:41,0
DA:43,0
DA:45,0
DA:47,0
DA:49,0
DA:51,0
DA:55,0
DA:62,0
DA:63,0
DA:64,0
DA:67,0
DA:68,0
DA:72,0
DA:73,0
DA:77,0
DA:78,0
DA:82,0
DA:83,0
DA:92,0
DA:93,0
DA:97,0
DA:100,0
DA:188,0
DA:189,0
DA:201,0
DA:202,0
DA:203,0
DA:223,0
DA:224,0
DA:225,0
DA:226,0
DA:227,0
DA:229,0
DA:254,0
DA:255,0
DA:256,0
DA:257,0
DA:258,0
DA:260,0
LF:49
LH:0
BRDA:22,0,0,0
BRDA:22,0,1,0
BRDA:22,0,2,0
BRDA:22,0,3,0
BRDA:22,0,4,0
BRDA:22,0,5,0
BRDA:39,1,0,0
BRDA:39,1,1,0
BRDA:39,1,2,0
BRDA:39,1,3,0
BRDA:39,1,4,0
BRDA:39,1,5,0
BRDA:60,2,0,0
BRDA:68,3,0,0
BRDA:68,3,1,0
BRDA:83,4,0,0
BRDA:83,4,1,0
BRDA:93,5,0,0
BRDA:93,5,1,0
BRDA:110,6,0,0
BRDA:110,6,1,0
BRDA:120,7,0,0
BRDA:120,7,1,0
BRDA:134,8,0,0
BRDA:134,8,1,0
BRDA:138,9,0,0
BRDA:138,9,1,0
BRDA:145,10,0,0
BRDA:145,10,1,0
BRDA:152,11,0,0
BRDA:152,11,1,0
BRDA:156,12,0,0
BRDA:156,12,1,0
BRDA:165,13,0,0
BRDA:165,13,1,0
BRDA:174,14,0,0
BRDA:174,14,1,0
BRDA:202,15,0,0
BRDA:202,15,1,0
BRDA:214,16,0,0
BRDA:214,16,1,0
BRDA:214,16,2,0
BRDA:219,17,0,0
BRDA:219,17,1,0
BRDA:219,17,2,0
BRDA:237,18,0,0
BRDA:237,18,1,0
BRDA:250,19,0,0
BRDA:250,19,1,0
BRDA:250,19,2,0
BRDA:268,20,0,0
BRDA:268,20,1,0
BRF:52
BRH:0
end_of_record
TN:
SF:src\components\staff\booking-details-modal.tsx
FN:44,BookingDetailsModal
FN:60,(anonymous_1)
FN:67,(anonymous_2)
FN:75,(anonymous_3)
FN:92,(anonymous_4)
FN:109,(anonymous_5)
FN:131,(anonymous_6)
FN:153,(anonymous_7)
FN:248,(anonymous_8)
FN:330,(anonymous_9)
FNF:10
FNH:0
FNDA:0,BookingDetailsModal
FNDA:0,(anonymous_1)
FNDA:0,(anonymous_2)
FNDA:0,(anonymous_3)
FNDA:0,(anonymous_4)
FNDA:0,(anonymous_5)
FNDA:0,(anonymous_6)
FNDA:0,(anonymous_7)
FNDA:0,(anonymous_8)
FNDA:0,(anonymous_9)
DA:52,0
DA:53,0
DA:54,0
DA:55,0
DA:56,0
DA:57,0
DA:60,0
DA:61,0
DA:62,0
DA:67,0
DA:68,0
DA:69,0
DA:73,0
DA:75,0
DA:76,0
DA:78,0
DA:80,0
DA:82,0
DA:84,0
DA:86,0
DA:88,0
DA:92,0
DA:93,0
DA:95,0
DA:97,0
DA:99,0
DA:101,0
DA:103,0
DA:105,0
DA:109,0
DA:110,0
DA:112,0
DA:113,0
DA:114,0
DA:115,0
DA:119,0
DA:121,0
DA:127,0
DA:131,0
DA:132,0
DA:134,0
DA:135,0
DA:136,0
DA:137,0
DA:141,0
DA:143,0
DA:149,0
DA:153,0
DA:154,0
DA:156,0
DA:157,0
DA:158,0
DA:159,0
DA:163,0
DA:165,0
DA:171,0
DA:175,0
DA:176,0
DA:179,0
DA:249,0
DA:250,0
DA:330,0
LF:62
LH:0
BRDA:61,0,0,0
BRDA:61,0,1,0
BRDA:68,1,0,0
BRDA:68,1,1,0
BRDA:68,2,0,0
BRDA:68,2,1,0
BRDA:73,3,0,0
BRDA:73,3,1,0
BRDA:76,4,0,0
BRDA:76,4,1,0
BRDA:76,4,2,0
BRDA:76,4,3,0
BRDA:76,4,4,0
BRDA:76,4,5,0
BRDA:93,5,0,0
BRDA:93,5,1,0
BRDA:93,5,2,0
BRDA:93,5,3,0
BRDA:93,5,4,0
BRDA:93,5,5,0
BRDA:110,6,0,0
BRDA:110,6,1,0
BRDA:110,7,0,0
BRDA:110,7,1,0
BRDA:132,8,0,0
BRDA:132,8,1,0
BRDA:154,9,0,0
BRDA:154,9,1,0
BRDA:227,10,0,0
BRDA:227,10,1,0
BRDA:234,11,0,0
BRDA:234,11,1,0
BRDA:237,12,0,0
BRDA:237,12,1,0
BRDA:276,13,0,0
BRDA:276,13,1,0
BRDA:279,14,0,0
BRDA:279,14,1,0
BRDA:285,15,0,0
BRDA:285,15,1,0
BRDA:298,16,0,0
BRDA:298,16,1,0
BRDA:318,17,0,0
BRDA:318,17,1,0
BRDA:318,17,2,0
BRDA:324,18,0,0
BRDA:324,18,1,0
BRDA:343,19,0,0
BRDA:343,19,1,0
BRDA:343,19,2,0
BRDA:351,20,0,0
BRDA:351,20,1,0
BRDA:354,21,0,0
BRDA:354,21,1,0
BRDA:354,21,2,0
BRDA:361,22,0,0
BRDA:361,22,1,0
BRDA:364,23,0,0
BRDA:364,23,1,0
BRDA:364,23,2,0
BRDA:371,24,0,0
BRDA:371,24,1,0
BRF:62
BRH:0
end_of_record
TN:
SF:src\components\staff\booking-timeline.tsx
FN:29,BookingTimeline
FN:33,(anonymous_1)
FN:81,(anonymous_2)
FN:95,(anonymous_3)
FN:99,(anonymous_4)
FN:106,(anonymous_5)
FN:111,(anonymous_6)
FN:128,(anonymous_7)
FN:145,(anonymous_8)
FN:188,(anonymous_9)
FNF:10
FNH:0
FNDA:0,BookingTimeline
FNDA:0,(anonymous_1)
FNDA:0,(anonymous_2)
FNDA:0,(anonymous_3)
FNDA:0,(anonymous_4)
FNDA:0,(anonymous_5)
FNDA:0,(anonymous_6)
FNDA:0,(anonymous_7)
FNDA:0,(anonymous_8)
FNDA:0,(anonymous_9)
DA:26,0
DA:27,0
DA:30,0
DA:31,0
DA:33,0
DA:34,0
DA:36,0
DA:37,0
DA:39,0
DA:40,0
DA:41,0
DA:42,0
DA:43,0
DA:46,0
DA:47,0
DA:49,0
DA:64,0
DA:66,0
DA:67,0
DA:70,0
DA:75,0
DA:77,0
DA:81,0
DA:82,0
DA:85,0
DA:96,0
DA:98,0
DA:99,0
DA:100,0
DA:106,0
DA:107,0
DA:111,0
DA:112,0
DA:114,0
DA:116,0
DA:118,0
DA:120,0
DA:122,0
DA:124,0
DA:128,0
DA:129,0
DA:131,0
DA:133,0
DA:135,0
DA:137,0
DA:139,0
DA:141,0
DA:145,0
DA:146,0
DA:148,0
DA:150,0
DA:152,0
DA:154,0
DA:156,0
DA:158,0
DA:162,0
DA:163,0
DA:171,0
DA:172,0
DA:180,0
DA:189,0
LF:61
LH:0
BRDA:39,0,0,0
BRDA:39,0,1,0
BRDA:39,1,0,0
BRDA:39,1,1,0
BRDA:64,2,0,0
BRDA:64,2,1,0
BRDA:66,3,0,0
BRDA:66,3,1,0
BRDA:112,4,0,0
BRDA:112,4,1,0
BRDA:112,4,2,0
BRDA:112,4,3,0
BRDA:112,4,4,0
BRDA:112,4,5,0
BRDA:129,5,0,0
BRDA:129,5,1,0
BRDA:129,5,2,0
BRDA:129,5,3,0
BRDA:129,5,4,0
BRDA:129,5,5,0
BRDA:146,6,0,0
BRDA:146,6,1,0
BRDA:146,6,2,0
BRDA:146,6,3,0
BRDA:146,6,4,0
BRDA:146,6,5,0
BRDA:162,7,0,0
BRDA:162,7,1,0
BRDA:171,8,0,0
BRDA:171,8,1,0
BRDA:191,9,0,0
BRDA:191,9,1,0
BRDA:207,10,0,0
BRDA:207,10,1,0
BRDA:219,11,0,0
BRDA:219,11,1,0
BRDA:220,12,0,0
BRDA:220,12,1,0
BRDA:221,13,0,0
BRDA:221,13,1,0
BRDA:226,14,0,0
BRDA:226,14,1,0
BRF:42
BRH:0
end_of_record
TN:
SF:src\components\staff\calendar-event.tsx
FN:8,CalendarEventComponent
FN:9,(anonymous_1)
FN:24,(anonymous_2)
FNF:3
FNH:0
FNDA:0,CalendarEventComponent
FNDA:0,(anonymous_1)
FNDA:0,(anonymous_2)
DA:9,0
DA:10,0
DA:12,0
DA:14,0
DA:16,0
DA:18,0
DA:20,0
DA:24,0
DA:25,0
DA:27,0
DA:29,0
DA:31,0
DA:33,0
DA:35,0
DA:39,0
LF:15
LH:0
BRDA:10,0,0,0
BRDA:10,0,1,0
BRDA:10,0,2,0
BRDA:10,0,3,0
BRDA:10,0,4,0
BRDA:25,1,0,0
BRDA:25,1,1,0
BRDA:25,1,2,0
BRDA:25,1,3,0
BRDA:25,1,4,0
BRF:10
BRH:0
end_of_record
TN:
SF:src\components\staff\calendar-toolbar.tsx
FN:13,CalendarToolbar
FN:14,(anonymous_1)
FN:31,(anonymous_2)
FN:39,(anonymous_3)
FN:48,(anonymous_4)
FN:65,(anonymous_5)
FN:73,(anonymous_6)
FN:81,(anonymous_7)
FNF:8
FNH:0
FNDA:0,CalendarToolbar
FNDA:0,(anonymous_1)
FNDA:0,(anonymous_2)
FNDA:0,(anonymous_3)
FNDA:0,(anonymous_4)
FNDA:0,(anonymous_5)
FNDA:0,(anonymous_6)
FNDA:0,(anonymous_7)
DA:14,0
DA:15,0
DA:16,0
DA:17,0
DA:18,0
DA:20,0
DA:24,0
DA:31,0
DA:39,0
DA:48,0
DA:65,0
DA:73,0
DA:81,0
LF:13
LH:0
BRDA:15,0,0,0
BRDA:15,0,1,0
BRDA:17,1,0,0
BRDA:17,1,1,0
BRDA:63,2,0,0
BRDA:63,2,1,0
BRDA:71,3,0,0
BRDA:71,3,1,0
BRDA:79,4,0,0
BRDA:79,4,1,0
BRF:10
BRH:0
end_of_record
TN:
SF:src\components\staff\performance-chart.tsx
FN:11,PerformanceChart
FN:13,(anonymous_1)
FN:70,(anonymous_2)
FN:83,(anonymous_3)
FNF:4
FNH:0
FNDA:0,PerformanceChart
FNDA:0,(anonymous_1)
FNDA:0,(anonymous_2)
FNDA:0,(anonymous_3)
DA:13,0
DA:19,0
DA:71,0
DA:72,0
DA:74,0
DA:83,0
LF:6
LH:0
BRDA:71,0,0,0
BRDA:71,0,1,0
BRF:2
BRH:0
end_of_record
TN:
SF:src\components\staff\profile-avatar.tsx
FN:13,ProfileAvatar
FN:30,(anonymous_1)
FN:55,(anonymous_2)
FN:91,(anonymous_3)
FN:101,(anonymous_4)
FNF:5
FNH:0
FNDA:0,ProfileAvatar
FNDA:0,(anonymous_1)
FNDA:0,(anonymous_2)
FNDA:0,(anonymous_3)
FNDA:0,(anonymous_4)
DA:14,0
DA:15,0
DA:16,0
DA:18,0
DA:24,0
DA:30,0
DA:31,0
DA:32,0
DA:34,0
DA:35,0
DA:36,0
DA:37,0
DA:42,0
DA:48,0
DA:49,0
DA:50,0
DA:55,0
DA:56,0
DA:57,0
DA:58,0
DA:60,0
DA:63,0
DA:91,0
DA:101,0
LF:24
LH:0
BRDA:13,0,0,0
BRDA:32,1,0,0
BRDA:32,1,1,0
BRDA:44,2,0,0
BRDA:44,2,1,0
BRDA:49,3,0,0
BRDA:49,3,1,0
BRDA:57,4,0,0
BRDA:57,4,1,0
BRDA:70,5,0,0
BRDA:70,5,1,0
BRDA:108,6,0,0
BRDA:108,6,1,0
BRF:13
BRH:0
end_of_record
TN:
SF:src\components\staff\stats-card.tsx
FN:17,StatsCard2
FNF:1
FNH:0
FNDA:0,StatsCard2
DA:17,0
DA:18,0
LF:2
LH:0
BRDA:17,0,0,0
BRDA:26,1,0,0
BRDA:26,1,1,0
BRDA:29,2,0,0
BRDA:29,2,1,0
BRDA:32,3,0,0
BRDA:32,3,1,0
BRDA:37,4,0,0
BRDA:37,4,1,0
BRF:9
BRH:0
end_of_record
TN:
SF:src\components\teams\team-card.tsx
FN:44,(anonymous_0)
FN:52,TeamCard2
FN:56,(anonymous_2)
FN:58,(anonymous_3)
FN:62,(anonymous_4)
FN:81,(anonymous_5)
FN:117,(anonymous_6)
FN:123,(anonymous_7)
FN:163,(anonymous_8)
FN:173,(anonymous_9)
FN:206,(anonymous_10)
FN:212,(anonymous_11)
FN:237,(anonymous_12)
FNF:13
FNH:0
FNDA:0,(anonymous_0)
FNDA:0,TeamCard2
FNDA:0,(anonymous_2)
FNDA:0,(anonymous_3)
FNDA:0,(anonymous_4)
FNDA:0,(anonymous_5)
FNDA:0,(anonymous_6)
FNDA:0,(anonymous_7)
FNDA:0,(anonymous_8)
FNDA:0,(anonymous_9)
FNDA:0,(anonymous_10)
FNDA:0,(anonymous_11)
FNDA:0,(anonymous_12)
DA:44,0
DA:45,0
DA:46,0
DA:47,0
DA:49,0
DA:52,0
DA:53,0
DA:56,0
DA:58,0
DA:59,0
DA:62,0
DA:64,0
DA:65,0
DA:68,0
DA:69,0
DA:71,0
DA:72,0
DA:74,0
DA:77,0
DA:80,0
DA:81,0
DA:85,0
DA:117,0
DA:123,0
DA:163,0
DA:174,0
DA:206,0
DA:212,0
DA:237,0
LF:29
LH:0
BRDA:46,0,0,0
BRDA:46,0,1,0
BRDA:59,1,0,0
BRDA:59,1,1,0
BRDA:64,2,0,0
BRDA:64,2,1,0
BRDA:65,3,0,0
BRDA:65,3,1,0
BRDA:71,4,0,0
BRDA:71,4,1,0
BRDA:71,5,0,0
BRDA:71,5,1,0
BRDA:72,6,0,0
BRDA:72,6,1,0
BRDA:72,7,0,0
BRDA:72,7,1,0
BRDA:81,8,0,0
BRDA:81,8,1,0
BRDA:81,9,0,0
BRDA:81,9,1,0
BRDA:100,10,0,0
BRDA:100,10,1,0
BRDA:102,11,0,0
BRDA:102,11,1,0
BRDA:129,12,0,0
BRDA:129,12,1,0
BRDA:136,13,0,0
BRDA:136,13,1,0
BRDA:144,14,0,0
BRDA:144,14,1,0
BRDA:172,15,0,0
BRDA:172,15,1,0
BRDA:179,16,0,0
BRDA:179,16,1,0
BRDA:186,17,0,0
BRDA:186,17,1,0
BRDA:189,18,0,0
BRDA:189,18,1,0
BRDA:194,19,0,0
BRDA:194,19,1,0
BRDA:203,20,0,0
BRDA:203,20,1,0
BRDA:224,21,0,0
BRDA:224,21,1,0
BRF:44
BRH:0
end_of_record
TN:
SF:src\components\teams\team-detail\TeamDetailHeader.tsx
FN:35,(anonymous_0)
FN:43,TeamDetailHeader
FN:47,(anonymous_2)
FN:130,(anonymous_3)
FNF:4
FNH:0
FNDA:0,(anonymous_0)
FNDA:0,TeamDetailHeader
FNDA:0,(anonymous_2)
FNDA:0,(anonymous_3)
DA:35,0
DA:36,0
DA:37,0
DA:38,0
DA:40,0
DA:44,0
DA:45,0
DA:47,0
DA:48,0
DA:49,0
DA:54,0
DA:56,0
DA:61,0
DA:63,0
DA:64,0
DA:72,0
DA:132,0
LF:17
LH:0
BRDA:37,0,0,0
BRDA:37,0,1,0
BRDA:54,1,0,0
BRDA:54,1,1,0
BRDA:88,2,0,0
BRDA:88,2,1,0
BRDA:102,3,0,0
BRDA:102,3,1,0
BRDA:110,4,0,0
BRDA:110,4,1,0
BRF:10
BRH:0
end_of_record
TN:
SF:src\components\teams\team-detail\TeamDetailStats.tsx
FN:16,TeamDetailStats
FNF:1
FNH:0
FNDA:0,TeamDetailStats
DA:17,0
DA:21,0
LF:2
LH:0
BRDA:17,0,0,0
BRDA:17,0,1,0
BRDA:63,1,0,0
BRDA:63,1,1,0
BRDA:66,2,0,0
BRDA:66,2,1,0
BRF:6
BRH:0
end_of_record
TN:
SF:src\components\teams\team-detail\TeamMembersList.tsx
FN:35,(anonymous_0)
FN:43,TeamMembersList
FN:46,(anonymous_2)
FN:72,(anonymous_3)
FN:111,(anonymous_4)
FN:133,(anonymous_5)
FN:172,(anonymous_6)
FN:179,(anonymous_7)
FNF:8
FNH:0
FNDA:0,(anonymous_0)
FNDA:0,TeamMembersList
FNDA:0,(anonymous_2)
FNDA:0,(anonymous_3)
FNDA:0,(anonymous_4)
FNDA:0,(anonymous_5)
FNDA:0,(anonymous_6)
FNDA:0,(anonymous_7)
DA:35,0
DA:36,0
DA:37,0
DA:38,0
DA:40,0
DA:44,0
DA:46,0
DA:47,0
DA:48,0
DA:54,0
DA:56,0
DA:61,0
DA:63,0
DA:64,0
DA:72,0
DA:73,0
DA:74,0
DA:79,0
DA:81,0
DA:86,0
DA:88,0
DA:89,0
DA:97,0
DA:113,0
DA:134,0
DA:173,0
DA:179,0
LF:27
LH:0
BRDA:37,0,0,0
BRDA:37,0,1,0
BRDA:54,1,0,0
BRDA:54,1,1,0
BRDA:79,2,0,0
BRDA:79,2,1,0
BRDA:83,3,0,0
BRDA:83,3,1,0
BRDA:105,4,0,0
BRDA:105,4,1,0
BRDA:125,5,0,0
BRDA:125,5,1,0
BRDA:125,6,0,0
BRDA:125,6,1,0
BRDA:139,7,0,0
BRDA:139,7,1,0
BRDA:147,8,0,0
BRDA:147,8,1,0
BRDA:150,9,0,0
BRDA:150,9,1,0
BRDA:155,10,0,0
BRDA:155,10,1,0
BRDA:162,11,0,0
BRDA:162,11,1,0
BRDA:168,12,0,0
BRDA:168,12,1,0
BRF:26
BRH:0
end_of_record
TN:
SF:src\components\teams\team-detail\TeamPerformanceCharts.tsx
FN:25,TeamPerformanceCharts
FN:29,(anonymous_1)
FN:42,(anonymous_2)
FN:55,(anonymous_3)
FN:71,(anonymous_4)
FNF:5
FNH:0
FNDA:0,TeamPerformanceCharts
FNDA:0,(anonymous_1)
FNDA:0,(anonymous_2)
FNDA:0,(anonymous_3)
FNDA:0,(anonymous_4)
DA:26,0
DA:27,0
DA:29,0
DA:30,0
DA:31,0
DA:37,0
DA:40,0
DA:42,0
DA:43,0
DA:44,0
DA:46,0
DA:47,0
DA:50,0
DA:54,0
DA:55,0
DA:63,0
DA:65,0
DA:67,0
DA:71,0
DA:72,0
DA:75,0
DA:76,0
DA:93,0
LF:23
LH:0
BRDA:37,0,0,0
BRDA:37,0,1,0
BRDA:46,1,0,0
BRDA:46,1,1,0
BRDA:75,2,0,0
BRDA:75,2,1,0
BRDA:102,3,0,0
BRDA:102,3,1,0
BRF:8
BRH:0
end_of_record
TN:
SF:src\components\teams\team-detail\TeamRecentBookings.tsx
FN:16,TeamRecentBookings
FN:24,(anonymous_1)
FN:62,(anonymous_2)
FN:66,(anonymous_3)
FN:93,(anonymous_4)
FN:116,(anonymous_5)
FN:116,(anonymous_6)
FN:127,(anonymous_7)
FN:127,(anonymous_8)
FN:145,(anonymous_9)
FN:148,(anonymous_10)
FNF:11
FNH:0
FNDA:0,TeamRecentBookings
FNDA:0,(anonymous_1)
FNDA:0,(anonymous_2)
FNDA:0,(anonymous_3)
FNDA:0,(anonymous_4)
FNDA:0,(anonymous_5)
FNDA:0,(anonymous_6)
FNDA:0,(anonymous_7)
FNDA:0,(anonymous_8)
FNDA:0,(anonymous_9)
FNDA:0,(anonymous_10)
DA:17,0
DA:18,0
DA:19,0
DA:20,0
DA:21,0
DA:22,0
DA:24,0
DA:25,0
DA:27,0
DA:32,0
DA:35,0
DA:36,0
DA:38,0
DA:53,0
DA:54,0
DA:56,0
DA:58,0
DA:62,0
DA:63,0
DA:66,0
DA:67,0
DA:75,0
DA:76,0
DA:83,0
DA:85,0
DA:86,0
DA:94,0
DA:102,0
DA:116,0
DA:127,0
DA:146,0
DA:148,0
LF:32
LH:0
BRDA:32,0,0,0
BRDA:32,0,1,0
BRDA:53,1,0,0
BRDA:53,1,1,0
BRDA:54,2,0,0
BRDA:54,2,1,0
BRDA:75,3,0,0
BRDA:75,3,1,0
BRDA:85,4,0,0
BRDA:85,4,1,0
BRDA:111,5,0,0
BRDA:111,5,1,0
BRDA:137,6,0,0
BRDA:137,6,1,0
BRDA:154,7,0,0
BRDA:154,7,1,0
BRDA:159,8,0,0
BRDA:159,8,1,0
BRF:18
BRH:0
end_of_record
TN:
SF:src\components\ui\alert-dialog.tsx
FN:15,(anonymous_0)
FN:30,(anonymous_1)
FN:45,(anonymous_2)
FN:59,(anonymous_3)
FN:76,(anonymous_4)
FN:88,(anonymous_5)
FN:101,(anonymous_6)
FN:113,(anonymous_7)
FNF:8
FNH:0
FNDA:0,(anonymous_0)
FNDA:0,(anonymous_1)
FNDA:0,(anonymous_2)
FNDA:0,(anonymous_3)
FNDA:0,(anonymous_4)
FNDA:0,(anonymous_5)
FNDA:0,(anonymous_6)
FNDA:0,(anonymous_7)
DA:6,0
DA:8,0
DA:10,0
DA:12,0
DA:16,0
DA:25,0
DA:27,0
DA:31,0
DA:43,0
DA:45,0
DA:49,0
DA:57,0
DA:59,0
DA:63,0
DA:71,0
DA:73,0
DA:77,0
DA:83,0
DA:85,0
DA:89,0
DA:95,0
DA:98,0
DA:102,0
DA:108,0
DA:110,0
DA:114,0
DA:124,0
LF:27
LH:0
BRF:0
BRH:0
end_of_record
TN:
SF:src\components\ui\alert.tsx
FN:25,(anonymous_0)
FN:38,(anonymous_1)
FN:50,(anonymous_2)
FNF:3
FNH:0
FNDA:0,(anonymous_0)
FNDA:0,(anonymous_1)
FNDA:0,(anonymous_2)
DA:6,0
DA:22,0
DA:26,0
DA:33,0
DA:35,0
DA:39,0
DA:45,0
DA:47,0
DA:51,0
DA:57,0
LF:10
LH:0
BRF:0
BRH:0
end_of_record
TN:
SF:src\components\ui\avatar-with-fallback.tsx
FN:12,AvatarWithFallback
FN:20,(anonymous_1)
FNF:2
FNH:0
FNDA:0,AvatarWithFallback
FNDA:0,(anonymous_1)
DA:20,0
DA:21,0
DA:22,0
DA:23,0
DA:25,0
DA:28,0
DA:35,0
DA:37,0
LF:8
LH:0
BRDA:17,0,0,0
BRDA:22,1,0,0
BRDA:22,1,1,0
BRDA:35,2,0,0
BRDA:35,2,1,0
BRDA:39,3,0,0
BRDA:39,3,1,0
BRF:7
BRH:0
end_of_record
TN:
SF:src\components\ui\avatar.tsx
FN:9,(anonymous_0)
FN:24,(anonymous_1)
FN:36,(anonymous_2)
FNF:3
FNH:0
FNDA:0,(anonymous_0)
FNDA:0,(anonymous_1)
FNDA:0,(anonymous_2)
DA:6,0
DA:10,0
DA:19,0
DA:21,0
DA:25,0
DA:31,0
DA:33,0
DA:37,0
DA:46,0
LF:9
LH:0
BRF:0
BRH:0
end_of_record
TN:
SF:src\components\ui\badge.tsx
FN:29,Badge
FNF:1
FNH:1
FNDA:28,Badge
DA:5,1
DA:30,28
LF:2
LH:2
BRF:0
BRH:0
end_of_record
TN:
SF:src\components\ui\button.tsx
FN:38,(anonymous_0)
FNF:1
FNH:1
FNDA:3,(anonymous_0)
DA:5,1
DA:37,1
DA:39,3
DA:48,1
LF:4
LH:4
BRF:0
BRH:0
end_of_record
TN:
SF:src\components\ui\card.tsx
FN:7,(anonymous_0)
FN:22,(anonymous_1)
FN:34,(anonymous_2)
FN:49,(anonymous_3)
FN:61,(anonymous_4)
FN:69,(anonymous_5)
FNF:6
FNH:4
FNDA:28,(anonymous_0)
FNDA:28,(anonymous_1)
FNDA:27,(anonymous_2)
FNDA:0,(anonymous_3)
FNDA:28,(anonymous_4)
FNDA:0,(anonymous_5)
DA:4,1
DA:8,28
DA:17,1
DA:19,1
DA:23,28
DA:29,1
DA:31,1
DA:35,27
DA:44,1
DA:46,1
DA:50,0
DA:56,1
DA:58,1
DA:62,28
DA:64,1
DA:66,1
DA:70,0
DA:76,1
LF:18
LH:16
BRF:0
BRH:0
end_of_record
TN:
SF:src\components\ui\checkbox.tsx
FN:10,(anonymous_0)
FNF:1
FNH:0
FNDA:0,(anonymous_0)
DA:7,0
DA:11,0
DA:26,0
LF:3
LH:0
BRF:0
BRH:0
end_of_record
TN:
SF:src\components\ui\command.tsx
FN:13,(anonymous_0)
FN:27,(anonymous_1)
FN:45,(anonymous_2)
FN:64,(anonymous_3)
FN:77,(anonymous_4)
FN:90,(anonymous_5)
FN:106,(anonymous_6)
FN:118,(anonymous_7)
FN:131,(anonymous_8)
FNF:9
FNH:0
FNDA:0,(anonymous_0)
FNDA:0,(anonymous_1)
FNDA:0,(anonymous_2)
FNDA:0,(anonymous_3)
FNDA:0,(anonymous_4)
FNDA:0,(anonymous_5)
FNDA:0,(anonymous_6)
FNDA:0,(anonymous_7)
FNDA:0,(anonymous_8)
DA:10,0
DA:14,0
DA:23,0
DA:27,0
DA:28,0
DA:42,0
DA:46,0
DA:59,0
DA:61,0
DA:65,0
DA:72,0
DA:74,0
DA:78,0
DA:85,0
DA:87,0
DA:91,0
DA:101,0
DA:103,0
DA:107,0
DA:113,0
DA:115,0
DA:119,0
DA:129,0
DA:131,0
DA:135,0
DA:145,0
LF:26
LH:0
BRF:0
BRH:0
end_of_record
TN:
SF:src\components\ui\dialog.tsx
FN:17,(anonymous_0)
FN:32,(anonymous_1)
FN:41,(anonymous_2)
FN:54,(anonymous_3)
FN:68,(anonymous_4)
FN:85,(anonymous_5)
FN:100,(anonymous_6)
FNF:7
FNH:0
FNDA:0,(anonymous_0)
FNDA:0,(anonymous_1)
FNDA:0,(anonymous_2)
FNDA:0,(anonymous_3)
FNDA:0,(anonymous_4)
FNDA:0,(anonymous_5)
FNDA:0,(anonymous_6)
DA:6,0
DA:8,0
DA:10,0
DA:12,0
DA:14,0
DA:18,0
DA:27,0
DA:29,0
DA:33,0
DA:41,0
DA:52,0
DA:54,0
DA:58,0
DA:66,0
DA:68,0
DA:72,0
DA:80,0
DA:82,0
DA:86,0
DA:95,0
DA:97,0
DA:101,0
DA:107,0
LF:23
LH:0
BRF:0
BRH:0
end_of_record
TN:
SF:src\components\ui\dropdown-menu.tsx
FN:24,(anonymous_0)
FN:44,(anonymous_1)
FN:60,(anonymous_2)
FN:80,(anonymous_3)
FN:96,(anonymous_4)
FN:120,(anonymous_5)
FN:144,(anonymous_6)
FN:160,(anonymous_7)
FN:169,(anonymous_8)
FNF:9
FNH:0
FNDA:0,(anonymous_0)
FNDA:0,(anonymous_1)
FNDA:0,(anonymous_2)
FNDA:0,(anonymous_3)
FNDA:0,(anonymous_4)
FNDA:0,(anonymous_5)
FNDA:0,(anonymous_6)
FNDA:0,(anonymous_7)
FNDA:0,(anonymous_8)
DA:7,0
DA:9,0
DA:11,0
DA:13,0
DA:15,0
DA:17,0
DA:19,0
DA:25,0
DA:38,0
DA:41,0
DA:45,0
DA:54,0
DA:57,0
DA:61,0
DA:73,0
DA:75,0
DA:81,0
DA:91,0
DA:93,0
DA:97,0
DA:114,0
DA:117,0
DA:121,0
DA:137,0
DA:139,0
DA:145,0
DA:155,0
DA:157,0
DA:161,0
DA:167,0
DA:169,0
DA:173,0
DA:180,0
LF:33
LH:0
BRDA:29,0,0,0
BRDA:29,0,1,0
BRDA:60,1,0,0
BRDA:85,2,0,0
BRDA:85,2,1,0
BRDA:149,3,0,0
BRDA:149,3,1,0
BRF:7
BRH:0
end_of_record
TN:
SF:src\components\ui\input.tsx
FN:7,(anonymous_0)
FNF:1
FNH:0
FNDA:0,(anonymous_0)
DA:6,0
DA:8,0
DA:21,0
LF:3
LH:0
BRF:0
BRH:0
end_of_record
TN:
SF:src\components\ui\label.tsx
FN:7,(anonymous_0)
FNF:1
FNH:0
FNDA:0,(anonymous_0)
DA:6,0
DA:8,0
DA:18,0
LF:3
LH:0
BRF:0
BRH:0
end_of_record
TN:
SF:src\components\ui\scroll-area.tsx
FN:9,(anonymous_0)
FN:27,(anonymous_1)
FNF:2
FNH:0
FNDA:0,(anonymous_0)
FNDA:0,(anonymous_1)
DA:6,0
DA:10,0
DA:22,0
DA:24,0
DA:28,0
DA:44,0
LF:6
LH:0
BRDA:27,0,0,0
BRDA:33,1,0,0
BRDA:33,1,1,0
BRDA:35,2,0,0
BRDA:35,2,1,0
BRF:5
BRH:0
end_of_record
TN:
SF:src\components\ui\select.tsx
FN:15,(anonymous_0)
FN:35,(anonymous_1)
FN:52,(anonymous_2)
FN:70,(anonymous_3)
FN:102,(anonymous_4)
FN:114,(anonymous_5)
FN:137,(anonymous_6)
FNF:7
FNH:0
FNDA:0,(anonymous_0)
FNDA:0,(anonymous_1)
FNDA:0,(anonymous_2)
FNDA:0,(anonymous_3)
FNDA:0,(anonymous_4)
FNDA:0,(anonymous_5)
FNDA:0,(anonymous_6)
DA:6,0
DA:8,0
DA:10,0
DA:12,0
DA:16,0
DA:30,0
DA:32,0
DA:36,0
DA:47,0
DA:49,0
DA:53,0
DA:64,0
DA:67,0
DA:71,0
DA:97,0
DA:99,0
DA:103,0
DA:109,0
DA:111,0
DA:115,0
DA:132,0
DA:134,0
DA:138,0
DA:144,0
LF:24
LH:0
BRDA:70,0,0,0
BRDA:76,1,0,0
BRDA:76,1,1,0
BRDA:87,2,0,0
BRDA:87,2,1,0
BRF:5
BRH:0
end_of_record
TN:
SF:src\components\ui\separator.tsx
FN:10,(anonymous_0)
FNF:1
FNH:0
FNDA:0,(anonymous_0)
DA:6,0
DA:14,0
DA:27,0
LF:3
LH:0
BRDA:11,0,0,0
BRDA:11,1,0,0
BRDA:20,2,0,0
BRDA:20,2,1,0
BRF:4
BRH:0
end_of_record
TN:
SF:src\components\ui\simple-tabs.tsx
FN:11,(anonymous_0)
FN:26,(anonymous_1)
FN:30,(anonymous_2)
FN:32,(anonymous_3)
FN:54,(anonymous_4)
FN:74,(anonymous_5)
FN:85,(anonymous_6)
FN:105,(anonymous_7)
FNF:8
FNH:0
FNDA:0,(anonymous_0)
FNDA:0,(anonymous_1)
FNDA:0,(anonymous_2)
FNDA:0,(anonymous_3)
FNDA:0,(anonymous_4)
FNDA:0,(anonymous_5)
FNDA:0,(anonymous_6)
FNDA:0,(anonymous_7)
DA:9,0
DA:11,0
DA:12,0
DA:13,0
DA:14,0
DA:16,0
DA:25,0
DA:27,0
DA:29,0
DA:30,0
DA:33,0
DA:34,0
DA:40,0
DA:49,0
DA:53,0
DA:55,0
DA:67,0
DA:73,0
DA:75,0
DA:76,0
DA:78,0
DA:85,0
DA:98,0
DA:104,0
DA:106,0
DA:107,0
DA:109,0
DA:111,0
DA:122,0
LF:29
LH:0
BRDA:13,0,0,0
BRDA:13,0,1,0
BRDA:27,1,0,0
BRDA:27,1,1,0
BRDA:31,2,0,0
BRDA:31,2,1,0
BRDA:84,3,0,0
BRDA:84,3,1,0
BRDA:88,4,0,0
BRDA:88,4,1,0
BRDA:109,5,0,0
BRDA:109,5,1,0
BRDA:115,6,0,0
BRDA:115,6,1,0
BRF:14
BRH:0
end_of_record
TN:
SF:src\components\ui\skeleton.tsx
FN:3,Skeleton
FNF:1
FNH:1
FNDA:4,Skeleton
DA:7,4
LF:1
LH:1
BRF:0
BRH:0
end_of_record
TN:
SF:src\components\ui\switch.tsx
FN:9,(anonymous_0)
FNF:1
FNH:0
FNDA:0,(anonymous_0)
DA:6,0
DA:10,0
DA:25,0
LF:3
LH:0
BRF:0
BRH:0
end_of_record
TN:
SF:src\components\ui\table.tsx
FN:8,(anonymous_0)
FN:22,(anonymous_1)
FN:30,(anonymous_2)
FN:42,(anonymous_3)
FN:57,(anonymous_4)
FN:72,(anonymous_5)
FN:87,(anonymous_6)
FN:99,(anonymous_7)
FNF:8
FNH:0
FNDA:0,(anonymous_0)
FNDA:0,(anonymous_1)
FNDA:0,(anonymous_2)
FNDA:0,(anonymous_3)
FNDA:0,(anonymous_4)
FNDA:0,(anonymous_5)
FNDA:0,(anonymous_6)
FNDA:0,(anonymous_7)
DA:5,0
DA:9,0
DA:17,0
DA:19,0
DA:23,0
DA:25,0
DA:27,0
DA:31,0
DA:37,0
DA:39,0
DA:43,0
DA:52,0
DA:54,0
DA:58,0
DA:67,0
DA:69,0
DA:73,0
DA:82,0
DA:84,0
DA:88,0
DA:94,0
DA:96,0
DA:100,0
DA:106,0
LF:24
LH:0
BRF:0
BRH:0
end_of_record
TN:
SF:src\components\ui\tabs.tsx
FN:11,(anonymous_0)
FN:26,(anonymous_1)
FN:41,(anonymous_2)
FNF:3
FNH:0
FNDA:0,(anonymous_0)
FNDA:0,(anonymous_1)
FNDA:0,(anonymous_2)
DA:6,0
DA:8,0
DA:12,0
DA:21,0
DA:23,0
DA:27,0
DA:36,0
DA:38,0
DA:42,0
DA:51,0
LF:10
LH:0
BRF:0
BRH:0
end_of_record
TN:
SF:src\components\ui\textarea.tsx
FN:7,(anonymous_0)
FNF:1
FNH:0
FNDA:0,(anonymous_0)
DA:6,0
DA:8,0
DA:20,0
LF:3
LH:0
BRF:0
BRH:0
end_of_record
TN:
SF:src\components\ui\toast.tsx
FN:12,(anonymous_0)
FN:44,(anonymous_1)
FN:58,(anonymous_2)
FN:73,(anonymous_3)
FN:91,(anonymous_4)
FN:103,(anonymous_5)
FNF:6
FNH:0
FNDA:0,(anonymous_0)
FNDA:0,(anonymous_1)
FNDA:0,(anonymous_2)
FNDA:0,(anonymous_3)
FNDA:0,(anonymous_4)
FNDA:0,(anonymous_5)
DA:7,0
DA:9,0
DA:13,0
DA:22,0
DA:24,0
DA:40,0
DA:45,0
DA:53,0
DA:55,0
DA:59,0
DA:68,0
DA:70,0
DA:74,0
DA:86,0
DA:88,0
DA:92,0
DA:98,0
DA:100,0
DA:104,0
DA:110,0
LF:20
LH:0
BRF:0
BRH:0
end_of_record
TN:
SF:src\components\ui\toaster.tsx
FN:11,Toaster
FN:16,(anonymous_1)
FNF:2
FNH:0
FNDA:0,Toaster
FNDA:0,(anonymous_1)
DA:12,0
DA:14,0
DA:17,0
LF:3
LH:0
BRDA:20,0,0,0
BRDA:20,0,1,0
BRDA:21,1,0,0
BRDA:21,1,1,0
BRF:4
BRH:0
end_of_record
TN:
SF:src\contexts\auth-context.tsx
FN:29,AuthProvider
FN:34,(anonymous_1)
FN:36,(anonymous_2)
FN:48,(anonymous_3)
FN:58,(anonymous_4)
FN:61,(anonymous_5)
FN:84,(anonymous_6)
FN:100,(anonymous_7)
FN:128,(anonymous_8)
FN:149,useAuth
FNF:10
FNH:0
FNDA:0,AuthProvider
FNDA:0,(anonymous_1)
FNDA:0,(anonymous_2)
FNDA:0,(anonymous_3)
FNDA:0,(anonymous_4)
FNDA:0,(anonymous_5)
FNDA:0,(anonymous_6)
FNDA:0,(anonymous_7)
FNDA:0,(anonymous_8)
FNDA:0,useAuth
DA:27,0
DA:30,0
DA:31,0
DA:32,0
DA:34,0
DA:36,0
DA:37,0
DA:38,0
DA:39,0
DA:41,0
DA:48,0
DA:49,0
DA:50,0
DA:51,0
DA:53,0
DA:54,0
DA:58,0
DA:61,0
DA:62,0
DA:63,0
DA:69,0
DA:72,0
DA:73,0
DA:75,0
DA:77,0
DA:78,0
DA:80,0
DA:84,0
DA:85,0
DA:89,0
DA:92,0
DA:93,0
DA:94,0
DA:95,0
DA:97,0
DA:100,0
DA:101,0
DA:110,0
DA:112,0
DA:114,0
DA:120,0
DA:123,0
DA:124,0
DA:128,0
DA:129,0
DA:131,0
DA:132,0
DA:136,0
DA:145,0
DA:150,0
DA:151,0
DA:152,0
DA:154,0
LF:53
LH:0
BRDA:37,0,0,0
BRDA:37,0,1,0
BRDA:38,1,0,0
BRDA:38,1,1,0
BRDA:49,2,0,0
BRDA:49,2,1,0
BRDA:50,3,0,0
BRDA:50,3,1,0
BRDA:69,4,0,0
BRDA:69,4,1,0
BRDA:89,5,0,0
BRDA:89,5,1,0
BRDA:92,6,0,0
BRDA:92,6,1,0
BRDA:110,7,0,0
BRDA:110,7,1,0
BRDA:112,8,0,0
BRDA:112,8,1,0
BRDA:120,9,0,0
BRDA:120,9,1,0
BRDA:131,10,0,0
BRDA:131,10,1,0
BRDA:131,11,0,0
BRDA:131,11,1,0
BRDA:151,12,0,0
BRDA:151,12,1,0
BRF:26
BRH:0
end_of_record
TN:
SF:src\data\thailand-addresses.ts
FN:271,getAllProvinces
FN:272,(anonymous_1)
FN:280,getDistrictsByProvince
FN:282,(anonymous_3)
FN:286,(anonymous_4)
FN:293,getSubdistrictsByDistrict
FN:295,(anonymous_6)
FN:299,(anonymous_7)
FN:302,(anonymous_8)
FN:310,getZipCodeBySubdistrict
FN:316,(anonymous_10)
FN:320,(anonymous_11)
FN:323,(anonymous_12)
FN:328,getProvinceNameThai
FN:330,(anonymous_14)
FNF:15
FNH:0
FNDA:0,getAllProvinces
FNDA:0,(anonymous_1)
FNDA:0,getDistrictsByProvince
FNDA:0,(anonymous_3)
FNDA:0,(anonymous_4)
FNDA:0,getSubdistrictsByDistrict
FNDA:0,(anonymous_6)
FNDA:0,(anonymous_7)
FNDA:0,(anonymous_8)
FNDA:0,getZipCodeBySubdistrict
FNDA:0,(anonymous_10)
FNDA:0,(anonymous_11)
FNDA:0,(anonymous_12)
FNDA:0,getProvinceNameThai
FNDA:0,(anonymous_14)
DA:21,0
DA:272,0
DA:281,0
DA:282,0
DA:284,0
DA:286,0
DA:294,0
DA:295,0
DA:297,0
DA:299,0
DA:300,0
DA:302,0
DA:315,0
DA:316,0
DA:318,0
DA:320,0
DA:321,0
DA:323,0
DA:324,0
DA:329,0
DA:330,0
DA:332,0
LF:22
LH:0
BRDA:284,0,0,0
BRDA:284,0,1,0
BRDA:297,1,0,0
BRDA:297,1,1,0
BRDA:300,2,0,0
BRDA:300,2,1,0
BRDA:318,3,0,0
BRDA:318,3,1,0
BRDA:321,4,0,0
BRDA:321,4,1,0
BRDA:324,5,0,0
BRDA:324,5,1,0
BRDA:332,6,0,0
BRDA:332,6,1,0
BRF:14
BRH:0
end_of_record
TN:
SF:src\hooks\index.ts
FNF:0
FNH:0
LF:0
LH:0
BRF:0
BRH:0
end_of_record
TN:
SF:src\hooks\use-admin-profile.ts
FN:16,useAdminProfile
FN:22,(anonymous_1)
FN:46,(anonymous_2)
FN:51,updateProfile
FN:81,uploadAvatar
FN:146,changePassword
FNF:6
FNH:0
FNDA:0,useAdminProfile
FNDA:0,(anonymous_1)
FNDA:0,(anonymous_2)
FNDA:0,updateProfile
FNDA:0,uploadAvatar
FNDA:0,changePassword
DA:17,0
DA:18,0
DA:19,0
DA:20,0
DA:22,0
DA:23,0
DA:25,0
DA:26,0
DA:27,0
DA:29,0
DA:39,0
DA:40,0
DA:42,0
DA:46,0
DA:47,0
DA:48,0
DA:55,0
DA:57,0
DA:58,0
DA:65,0
DA:68,0
DA:69,0
DA:76,0
DA:77,0
DA:82,0
DA:84,0
DA:86,0
DA:87,0
DA:88,0
DA:91,0
DA:92,0
DA:93,0
DA:97,0
DA:98,0
DA:99,0
DA:100,0
DA:105,0
DA:106,0
DA:107,0
DA:109,0
DA:116,0
DA:119,0
DA:122,0
DA:129,0
DA:132,0
DA:133,0
DA:139,0
DA:141,0
DA:142,0
DA:147,0
DA:148,0
DA:152,0
DA:154,0
DA:155,0
DA:159,0
LF:55
LH:0
BRDA:23,0,0,0
BRDA:23,0,1,0
BRDA:47,1,0,0
BRDA:47,1,1,0
BRDA:47,2,0,0
BRDA:47,2,1,0
BRDA:55,3,0,0
BRDA:55,3,1,0
BRDA:55,4,0,0
BRDA:55,4,1,0
BRDA:65,5,0,0
BRDA:65,5,1,0
BRDA:68,6,0,0
BRDA:68,6,1,0
BRDA:82,7,0,0
BRDA:82,7,1,0
BRDA:87,8,0,0
BRDA:87,8,1,0
BRDA:92,9,0,0
BRDA:92,9,1,0
BRDA:97,10,0,0
BRDA:97,10,1,0
BRDA:99,11,0,0
BRDA:99,11,1,0
BRDA:116,12,0,0
BRDA:116,12,1,0
BRDA:129,13,0,0
BRDA:129,13,1,0
BRDA:132,14,0,0
BRDA:132,14,1,0
BRDA:132,15,0,0
BRDA:132,15,1,0
BRDA:152,16,0,0
BRDA:152,16,1,0
BRF:34
BRH:0
end_of_record
TN:
SF:src\hooks\use-chat.ts
FN:9,useChat
FN:19,(anonymous_1)
FN:47,(anonymous_2)
FN:75,(anonymous_3)
FN:93,(anonymous_4)
FN:117,(anonymous_5)
FN:128,(anonymous_6)
FN:155,(anonymous_7)
FN:169,(anonymous_8)
FN:183,(anonymous_9)
FN:196,(anonymous_10)
FN:204,(anonymous_11)
FN:225,(anonymous_12)
FN:228,(anonymous_13)
FN:244,(anonymous_14)
FN:271,(anonymous_15)
FN:277,(anonymous_16)
FN:282,(anonymous_17)
FN:293,(anonymous_18)
FN:298,(anonymous_19)
FN:314,(anonymous_20)
FN:324,(anonymous_21)
FN:332,(anonymous_22)
FN:337,(anonymous_23)
FN:339,(anonymous_24)
FN:342,(anonymous_25)
FN:343,(anonymous_26)
FNF:27
FNH:0
FNDA:0,useChat
FNDA:0,(anonymous_1)
FNDA:0,(anonymous_2)
FNDA:0,(anonymous_3)
FNDA:0,(anonymous_4)
FNDA:0,(anonymous_5)
FNDA:0,(anonymous_6)
FNDA:0,(anonymous_7)
FNDA:0,(anonymous_8)
FNDA:0,(anonymous_9)
FNDA:0,(anonymous_10)
FNDA:0,(anonymous_11)
FNDA:0,(anonymous_12)
FNDA:0,(anonymous_13)
FNDA:0,(anonymous_14)
FNDA:0,(anonymous_15)
FNDA:0,(anonymous_16)
FNDA:0,(anonymous_17)
FNDA:0,(anonymous_18)
FNDA:0,(anonymous_19)
FNDA:0,(anonymous_20)
FNDA:0,(anonymous_21)
FNDA:0,(anonymous_22)
FNDA:0,(anonymous_23)
FNDA:0,(anonymous_24)
FNDA:0,(anonymous_25)
FNDA:0,(anonymous_26)
DA:10,0
DA:11,0
DA:12,0
DA:13,0
DA:14,0
DA:15,0
DA:16,0
DA:19,0
DA:20,0
DA:22,0
DA:23,0
DA:29,0
DA:30,0
DA:31,0
DA:32,0
DA:33,0
DA:36,0
DA:37,0
DA:39,0
DA:40,0
DA:41,0
DA:42,0
DA:47,0
DA:48,0
DA:50,0
DA:51,0
DA:67,0
DA:68,0
DA:69,0
DA:70,0
DA:71,0
DA:75,0
DA:81,0
DA:82,0
DA:83,0
DA:85,0
DA:86,0
DA:87,0
DA:88,0
DA:93,0
DA:98,0
DA:100,0
DA:101,0
DA:102,0
DA:114,0
DA:117,0
DA:118,0
DA:120,0
DA:121,0
DA:123,0
DA:128,0
DA:133,0
DA:135,0
DA:136,0
DA:138,0
DA:140,0
DA:141,0
DA:145,0
DA:147,0
DA:148,0
DA:150,0
DA:155,0
DA:156,0
DA:158,0
DA:163,0
DA:164,0
DA:169,0
DA:170,0
DA:172,0
DA:179,0
DA:183,0
DA:184,0
DA:186,0
DA:192,0
DA:196,0
DA:197,0
DA:199,0
DA:200,0
DA:201,0
DA:203,0
DA:206,0
DA:214,0
DA:216,0
DA:225,0
DA:228,0
DA:229,0
DA:230,0
DA:231,0
DA:232,0
DA:235,0
DA:237,0
DA:239,0
DA:244,0
DA:245,0
DA:247,0
DA:249,0
DA:254,0
DA:257,0
DA:258,0
DA:259,0
DA:263,0
DA:265,0
DA:266,0
DA:271,0
DA:272,0
DA:273,0
DA:277,0
DA:278,0
DA:282,0
DA:283,0
DA:294,0
DA:297,0
DA:298,0
DA:300,0
DA:304,0
DA:316,0
DA:322,0
DA:324,0
DA:325,0
DA:326,0
DA:332,0
DA:333,0
DA:337,0
DA:338,0
DA:339,0
DA:341,0
DA:342,0
DA:343,0
DA:345,0
DA:346,0
DA:348,0
DA:354,0
LF:132
LH:0
BRDA:20,0,0,0
BRDA:20,0,1,0
BRDA:29,1,0,0
BRDA:29,1,1,0
BRDA:37,2,0,0
BRDA:37,2,1,0
BRDA:48,3,0,0
BRDA:48,3,1,0
BRDA:67,4,0,0
BRDA:67,4,1,0
BRDA:75,5,0,0
BRDA:75,5,1,0
BRDA:77,6,0,0
BRDA:77,6,1,0
BRDA:78,7,0,0
BRDA:78,7,1,0
BRDA:98,8,0,0
BRDA:98,8,1,0
BRDA:98,9,0,0
BRDA:98,9,1,0
BRDA:98,9,2,0
BRDA:98,9,3,0
BRDA:107,10,0,0
BRDA:107,10,1,0
BRDA:108,11,0,0
BRDA:108,11,1,0
BRDA:114,12,0,0
BRDA:114,12,1,0
BRDA:133,13,0,0
BRDA:133,13,1,0
BRDA:140,14,0,0
BRDA:140,14,1,0
BRDA:140,15,0,0
BRDA:140,15,1,0
BRDA:141,16,0,0
BRDA:141,16,1,0
BRDA:156,17,0,0
BRDA:156,17,1,0
BRDA:163,18,0,0
BRDA:163,18,1,0
BRDA:170,19,0,0
BRDA:170,19,1,0
BRDA:179,20,0,0
BRDA:179,20,1,0
BRDA:184,21,0,0
BRDA:184,21,1,0
BRDA:192,22,0,0
BRDA:192,22,1,0
BRDA:197,23,0,0
BRDA:197,23,1,0
BRDA:218,24,0,0
BRDA:218,24,1,0
BRDA:218,25,0,0
BRDA:218,25,1,0
BRDA:229,26,0,0
BRDA:229,26,1,0
BRDA:229,27,0,0
BRDA:229,27,1,0
BRDA:230,28,0,0
BRDA:230,28,1,0
BRDA:231,29,0,0
BRDA:231,29,1,0
BRDA:245,30,0,0
BRDA:245,30,1,0
BRDA:254,31,0,0
BRDA:254,31,1,0
BRDA:257,32,0,0
BRDA:257,32,1,0
BRDA:278,33,0,0
BRDA:278,33,1,0
BRDA:297,34,0,0
BRDA:297,34,1,0
BRDA:297,35,0,0
BRDA:297,35,1,0
BRDA:325,36,0,0
BRDA:325,36,1,0
BRDA:338,37,0,0
BRDA:338,37,1,0
BRDA:342,38,0,0
BRDA:342,38,1,0
BRDA:345,39,0,0
BRDA:345,39,1,0
BRF:82
BRH:0
end_of_record
TN:
SF:src\hooks\use-debounce.ts
FN:19,useDebounce
FN:22,(anonymous_1)
FN:24,(anonymous_2)
FN:29,(anonymous_3)
FNF:4
FNH:0
FNDA:0,useDebounce
FNDA:0,(anonymous_1)
FNDA:0,(anonymous_2)
FNDA:0,(anonymous_3)
DA:20,0
DA:22,0
DA:24,0
DA:25,0
DA:29,0
DA:30,0
DA:34,0
LF:7
LH:0
BRDA:19,0,0,0
BRF:1
BRH:0
end_of_record
TN:
SF:src\hooks\use-in-app-notifications.ts
FN:18,useInAppNotifications
FN:25,(anonymous_1)
FN:41,(anonymous_2)
FN:46,(anonymous_3)
FN:64,(anonymous_4)
FN:65,(anonymous_5)
FN:71,(anonymous_6)
FN:75,(anonymous_7)
FN:79,(anonymous_8)
FN:80,(anonymous_9)
FN:99,(anonymous_10)
FN:100,(anonymous_11)
FN:110,(anonymous_12)
FN:113,(anonymous_13)
FN:128,(anonymous_14)
FN:128,(anonymous_15)
FN:130,(anonymous_16)
FN:135,(anonymous_17)
FN:153,(anonymous_18)
FN:169,(anonymous_19)
FN:171,(anonymous_20)
FN:172,(anonymous_21)
FN:183,(anonymous_22)
FN:185,(anonymous_23)
FN:186,(anonymous_24)
FN:198,(anonymous_25)
FN:200,(anonymous_26)
FN:200,(anonymous_27)
FN:205,(anonymous_28)
FNF:29
FNH:0
FNDA:0,useInAppNotifications
FNDA:0,(anonymous_1)
FNDA:0,(anonymous_2)
FNDA:0,(anonymous_3)
FNDA:0,(anonymous_4)
FNDA:0,(anonymous_5)
FNDA:0,(anonymous_6)
FNDA:0,(anonymous_7)
FNDA:0,(anonymous_8)
FNDA:0,(anonymous_9)
FNDA:0,(anonymous_10)
FNDA:0,(anonymous_11)
FNDA:0,(anonymous_12)
FNDA:0,(anonymous_13)
FNDA:0,(anonymous_14)
FNDA:0,(anonymous_15)
FNDA:0,(anonymous_16)
FNDA:0,(anonymous_17)
FNDA:0,(anonymous_18)
FNDA:0,(anonymous_19)
FNDA:0,(anonymous_20)
FNDA:0,(anonymous_21)
FNDA:0,(anonymous_22)
FNDA:0,(anonymous_23)
FNDA:0,(anonymous_24)
FNDA:0,(anonymous_25)
FNDA:0,(anonymous_26)
FNDA:0,(anonymous_27)
FNDA:0,(anonymous_28)
DA:19,0
DA:20,0
DA:21,0
DA:22,0
DA:25,0
DA:26,0
DA:28,0
DA:35,0
DA:36,0
DA:37,0
DA:40,0
DA:41,0
DA:42,0
DA:46,0
DA:47,0
DA:49,0
DA:58,0
DA:59,0
DA:60,0
DA:64,0
DA:65,0
DA:66,0
DA:71,0
DA:75,0
DA:76,0
DA:78,0
DA:79,0
DA:80,0
DA:82,0
DA:84,0
DA:93,0
DA:94,0
DA:95,0
DA:99,0
DA:100,0
DA:106,0
DA:110,0
DA:111,0
DA:113,0
DA:114,0
DA:116,0
DA:122,0
DA:123,0
DA:124,0
DA:128,0
DA:129,0
DA:130,0
DA:135,0
DA:136,0
DA:138,0
DA:143,0
DA:144,0
DA:145,0
DA:148,0
DA:149,0
DA:153,0
DA:154,0
DA:156,0
DA:159,0
DA:170,0
DA:171,0
DA:172,0
DA:184,0
DA:185,0
DA:186,0
DA:199,0
DA:200,0
DA:205,0
DA:206,0
DA:210,0
LF:70
LH:0
BRDA:26,0,0,0
BRDA:26,0,1,0
BRDA:35,1,0,0
BRDA:35,1,1,0
BRDA:40,2,0,0
BRDA:40,2,1,0
BRDA:41,3,0,0
BRDA:41,3,1,0
BRDA:47,4,0,0
BRDA:47,4,1,0
BRDA:58,5,0,0
BRDA:58,5,1,0
BRDA:66,6,0,0
BRDA:66,6,1,0
BRDA:76,7,0,0
BRDA:76,7,1,0
BRDA:82,8,0,0
BRDA:82,8,1,0
BRDA:93,9,0,0
BRDA:93,9,1,0
BRDA:103,10,0,0
BRDA:103,10,1,0
BRDA:111,11,0,0
BRDA:111,11,1,0
BRDA:114,12,0,0
BRDA:114,12,1,0
BRDA:122,13,0,0
BRDA:122,13,1,0
BRDA:129,14,0,0
BRDA:129,14,1,0
BRDA:136,15,0,0
BRDA:136,15,1,0
BRDA:143,16,0,0
BRDA:143,16,1,0
BRDA:154,17,0,0
BRDA:154,17,1,0
BRDA:186,18,0,0
BRDA:186,18,1,0
BRF:38
BRH:0
end_of_record
TN:
SF:src\hooks\use-modal-state.ts
FN:16,useModalState
FN:19,(anonymous_1)
FN:23,(anonymous_2)
FN:27,(anonymous_3)
FN:28,(anonymous_4)
FN:54,useModalStateWithData
FN:58,(anonymous_6)
FN:65,(anonymous_7)
FN:71,(anonymous_8)
FN:72,(anonymous_9)
FN:81,(anonymous_10)
FNF:11
FNH:0
FNDA:0,useModalState
FNDA:0,(anonymous_1)
FNDA:0,(anonymous_2)
FNDA:0,(anonymous_3)
FNDA:0,(anonymous_4)
FNDA:0,useModalStateWithData
FNDA:0,(anonymous_6)
FNDA:0,(anonymous_7)
FNDA:0,(anonymous_8)
FNDA:0,(anonymous_9)
FNDA:0,(anonymous_10)
DA:17,0
DA:19,0
DA:20,0
DA:23,0
DA:24,0
DA:27,0
DA:28,0
DA:31,0
DA:55,0
DA:56,0
DA:58,0
DA:59,0
DA:60,0
DA:62,0
DA:65,0
DA:66,0
DA:71,0
DA:72,0
DA:73,0
DA:74,0
DA:75,0
DA:77,0
DA:81,0
DA:82,0
DA:85,0
LF:25
LH:0
BRDA:16,0,0,0
BRDA:54,1,0,0
BRDA:54,2,0,0
BRDA:59,3,0,0
BRDA:59,3,1,0
BRDA:74,4,0,0
BRDA:74,4,1,0
BRDA:74,5,0,0
BRDA:74,5,1,0
BRF:9
BRH:0
end_of_record
TN:
SF:src\hooks\use-notifications.ts
FN:28,useNotifications
FN:35,(anonymous_1)
FN:38,(anonymous_2)
FN:54,(anonymous_3)
FN:55,(anonymous_4)
FN:71,(anonymous_5)
FN:72,(anonymous_6)
FN:80,(anonymous_7)
FN:89,(anonymous_8)
FN:103,(anonymous_9)
FN:157,(anonymous_10)
FN:242,(anonymous_11)
FN:249,(anonymous_12)
FN:252,(anonymous_13)
FN:325,(anonymous_14)
FNF:15
FNH:0
FNDA:0,useNotifications
FNDA:0,(anonymous_1)
FNDA:0,(anonymous_2)
FNDA:0,(anonymous_3)
FNDA:0,(anonymous_4)
FNDA:0,(anonymous_5)
FNDA:0,(anonymous_6)
FNDA:0,(anonymous_7)
FNDA:0,(anonymous_8)
FNDA:0,(anonymous_9)
FNDA:0,(anonymous_10)
FNDA:0,(anonymous_11)
FNDA:0,(anonymous_12)
FNDA:0,(anonymous_13)
FNDA:0,(anonymous_14)
DA:29,0
DA:30,0
DA:31,0
DA:32,0
DA:35,0
DA:36,0
DA:38,0
DA:39,0
DA:41,0
DA:48,0
DA:54,0
DA:55,0
DA:58,0
DA:59,0
DA:61,0
DA:63,0
DA:67,0
DA:71,0
DA:72,0
DA:73,0
DA:74,0
DA:76,0
DA:80,0
DA:81,0
DA:82,0
DA:83,0
DA:84,0
DA:85,0
DA:89,0
DA:90,0
DA:92,0
DA:94,0
DA:104,0
DA:106,0
DA:109,0
DA:110,0
DA:112,0
DA:113,0
DA:117,0
DA:123,0
DA:124,0
DA:127,0
DA:130,0
DA:142,0
DA:158,0
DA:159,0
DA:162,0
DA:163,0
DA:165,0
DA:166,0
DA:169,0
DA:175,0
DA:176,0
DA:177,0
DA:180,0
DA:182,0
DA:193,0
DA:197,0
DA:198,0
DA:203,0
DA:205,0
DA:210,0
DA:213,0
DA:225,0
DA:242,0
DA:243,0
DA:244,0
DA:249,0
DA:250,0
DA:252,0
DA:253,0
DA:254,0
DA:255,0
DA:257,0
DA:258,0
DA:259,0
DA:262,0
DA:278,0
DA:279,0
DA:281,0
DA:284,0
DA:286,0
DA:287,0
DA:288,0
DA:291,0
DA:293,0
DA:294,0
DA:295,0
DA:298,0
DA:309,0
DA:320,0
DA:323,0
DA:325,0
DA:328,0
LF:94
LH:0
BRDA:36,0,0,0
BRDA:36,0,1,0
BRDA:54,1,0,0
BRDA:54,1,1,0
BRDA:55,2,0,0
BRDA:55,2,1,0
BRDA:90,3,0,0
BRDA:90,3,1,0
BRDA:90,4,0,0
BRDA:90,4,1,0
BRDA:110,5,0,0
BRDA:110,5,1,0
BRDA:112,6,0,0
BRDA:112,6,1,0
BRDA:112,7,0,0
BRDA:112,7,1,0
BRDA:123,8,0,0
BRDA:123,8,1,0
BRDA:127,9,0,0
BRDA:127,9,1,0
BRDA:127,10,0,0
BRDA:127,10,1,0
BRDA:132,11,0,0
BRDA:132,11,1,0
BRDA:133,12,0,0
BRDA:133,12,1,0
BRDA:134,13,0,0
BRDA:134,13,1,0
BRDA:138,14,0,0
BRDA:138,14,1,0
BRDA:163,15,0,0
BRDA:163,15,1,0
BRDA:165,16,0,0
BRDA:165,16,1,0
BRDA:165,17,0,0
BRDA:165,17,1,0
BRDA:175,18,0,0
BRDA:175,18,1,0
BRDA:177,19,0,0
BRDA:177,19,1,0
BRDA:177,20,0,0
BRDA:177,20,1,0
BRDA:180,21,0,0
BRDA:180,21,1,0
BRDA:180,22,0,0
BRDA:180,22,1,0
BRDA:185,23,0,0
BRDA:185,23,1,0
BRDA:186,24,0,0
BRDA:186,24,1,0
BRDA:190,25,0,0
BRDA:190,25,1,0
BRDA:197,26,0,0
BRDA:197,26,1,0
BRDA:197,27,0,0
BRDA:197,27,1,0
BRDA:203,28,0,0
BRDA:203,28,1,0
BRDA:210,29,0,0
BRDA:210,29,1,0
BRDA:216,30,0,0
BRDA:216,30,1,0
BRDA:217,31,0,0
BRDA:217,31,1,0
BRDA:221,32,0,0
BRDA:221,32,1,0
BRDA:226,33,0,0
BRDA:226,33,1,0
BRDA:227,34,0,0
BRDA:227,34,1,0
BRDA:250,35,0,0
BRDA:250,35,1,0
BRDA:250,36,0,0
BRDA:250,36,1,0
BRDA:278,37,0,0
BRDA:278,37,1,0
BRDA:286,38,0,0
BRDA:286,38,1,0
BRDA:286,39,0,0
BRDA:286,39,1,0
BRDA:288,40,0,0
BRDA:288,40,1,0
BRDA:289,41,0,0
BRDA:289,41,1,0
BRDA:290,42,0,0
BRDA:290,42,1,0
BRDA:294,43,0,0
BRDA:294,43,1,0
BRDA:295,44,0,0
BRDA:295,44,1,0
BRDA:295,45,0,0
BRDA:295,45,1,0
BRDA:301,46,0,0
BRDA:301,46,1,0
BRDA:302,47,0,0
BRDA:302,47,1,0
BRDA:306,48,0,0
BRDA:306,48,1,0
BRF:98
BRH:0
end_of_record
TN:
SF:src\hooks\use-service-packages.ts
FN:5,useServicePackages
FN:9,(anonymous_1)
FN:10,fetchServicePackages
FNF:3
FNH:0
FNDA:0,useServicePackages
FNDA:0,(anonymous_1)
FNDA:0,fetchServicePackages
DA:6,0
DA:7,0
DA:9,0
DA:11,0
DA:12,0
DA:18,0
DA:19,0
DA:21,0
DA:23,0
DA:27,0
DA:30,0
LF:11
LH:0
BRDA:18,0,0,0
BRDA:18,0,1,0
BRDA:19,1,0,0
BRDA:19,1,1,0
BRF:4
BRH:0
end_of_record
TN:
SF:src\hooks\use-settings.ts
FN:38,useSettings
FN:43,(anonymous_1)
FN:84,(anonymous_2)
FN:88,(anonymous_3)
FN:116,(anonymous_4)
FN:144,(anonymous_5)
FN:172,(anonymous_6)
FNF:7
FNH:0
FNDA:0,useSettings
FNDA:0,(anonymous_1)
FNDA:0,(anonymous_2)
FNDA:0,(anonymous_3)
FNDA:0,(anonymous_4)
FNDA:0,(anonymous_5)
FNDA:0,(anonymous_6)
DA:39,0
DA:40,0
DA:41,0
DA:43,0
DA:44,0
DA:45,0
DA:46,0
DA:49,0
DA:54,0
DA:56,0
DA:57,0
DA:68,0
DA:69,0
DA:71,0
DA:74,0
DA:77,0
DA:78,0
DA:80,0
DA:84,0
DA:85,0
DA:88,0
DA:96,0
DA:97,0
DA:99,0
DA:106,0
DA:108,0
DA:109,0
DA:111,0
DA:112,0
DA:116,0
DA:124,0
DA:125,0
DA:127,0
DA:134,0
DA:136,0
DA:137,0
DA:139,0
DA:140,0
DA:144,0
DA:152,0
DA:153,0
DA:155,0
DA:162,0
DA:164,0
DA:165,0
DA:167,0
DA:168,0
DA:172,0
DA:173,0
DA:174,0
DA:177,0
DA:178,0
DA:179,0
DA:182,0
DA:183,0
DA:184,0
DA:188,0
DA:189,0
DA:190,0
DA:191,0
DA:196,0
DA:197,0
[...]
DA:387,0
DA:388,0
DA:389,0
DA:391,0
DA:392,0
DA:400,0
DA:401,0
DA:403,0
DA:404,0
DA:410,0
DA:412,0
DA:417,0
DA:419,0
DA:420,0
DA:428,0
DA:429,0
DA:430,0
DA:435,0
DA:437,0
DA:442,0
DA:444,0
DA:445,0
DA:453,0
DA:454,0
DA:455,0
DA:456,0
DA:457,0
DA:458,0
DA:461,0
DA:462,0
DA:463,0
DA:464,0
DA:465,0
DA:466,0
DA:469,0
DA:470,0
DA:471,0
DA:472,0
DA:475,0
DA:476,0
DA:490,0
DA:513,0
DA:548,0
DA:618,0
DA:648,0
DA:669,0
DA:696,0
DA:705,0
DA:717,0
DA:726,0
DA:755,0
DA:758,0
DA:767,0
LF:167
LH:0
BRDA:108,0,0,0
BRDA:108,0,1,0
BRDA:124,1,0,0
BRDA:124,1,1,0
BRDA:126,2,0,0
BRDA:126,2,1,0
BRDA:135,3,0,0
BRDA:135,3,1,0
BRDA:136,4,0,0
BRDA:136,4,1,0
BRDA:138,5,0,0
BRDA:138,5,1,0
BRDA:151,6,0,0
BRDA:151,6,1,0
BRDA:166,7,0,0
BRDA:166,7,1,0
BRDA:167,8,0,0
BRDA:167,8,1,0
BRDA:167,9,0,0
BRDA:167,9,1,0
BRDA:169,10,0,0
BRDA:169,10,1,0
BRDA:179,11,0,0
BRDA:179,11,1,0
BRDA:179,12,0,0
BRDA:179,12,1,0
BRDA:201,13,0,0
BRDA:201,13,1,0
BRDA:203,14,0,0
BRDA:203,14,1,0
BRDA:216,15,0,0
BRDA:216,15,1,0
BRDA:239,16,0,0
BRDA:239,16,1,0
BRDA:240,17,0,0
BRDA:240,17,1,0
BRDA:247,18,0,0
BRDA:247,18,1,0
BRDA:262,19,0,0
BRDA:262,19,1,0
BRDA:263,20,0,0
BRDA:263,20,1,0
BRDA:268,21,0,0
BRDA:268,21,1,0
BRDA:271,22,0,0
BRDA:271,22,1,0
BRDA:271,23,0,0
BRDA:271,23,1,0
BRDA:280,24,0,0
BRDA:280,24,1,0
BRDA:288,25,0,0
BRDA:288,25,1,0
BRDA:309,26,0,0
BRDA:309,26,1,0
BRDA:309,27,0,0
BRDA:309,27,1,0
BRDA:316,28,0,0
BRDA:316,28,1,0
BRDA:317,29,0,0
BRDA:317,29,1,0
BRDA:321,30,0,0
BRDA:321,30,1,0
BRDA:351,31,0,0
BRDA:351,31,1,0
BRDA:370,32,0,0
BRDA:370,32,1,0
BRDA:370,33,0,0
BRDA:370,33,1,0
BRDA:380,34,0,0
BRDA:380,34,1,0
BRDA:401,35,0,0
BRDA:401,35,1,0
BRDA:410,36,0,0
BRDA:410,36,1,0
BRDA:435,37,0,0
BRDA:435,37,1,0
BRDA:439,38,0,0
BRDA:439,38,1,0
BRDA:464,39,0,0
BRDA:464,39,1,0
BRDA:465,40,0,0
BRDA:465,40,1,0
BRDA:475,41,0,0
BRDA:475,41,1,0
BRDA:626,42,0,0
BRDA:626,42,1,0
BRDA:631,43,0,0
BRDA:631,43,1,0
BRDA:634,44,0,0
BRDA:634,44,1,0
BRDA:636,45,0,0
BRDA:636,45,1,0
BRDA:661,46,0,0
BRDA:661,46,1,0
BRDA:685,47,0,0
BRDA:685,47,1,0
BRDA:687,48,0,0
BRDA:687,48,1,0
BRDA:711,49,0,0
BRDA:711,49,1,0
BRDA:729,50,0,0
BRDA:729,50,1,0
BRDA:730,51,0,0
BRDA:730,51,1,0
BRF:104
BRH:0
end_of_record
TN:
SF:src\pages\admin\weekly-schedule.tsx
FN:99,AdminWeeklySchedule
FN:122,(anonymous_1)
FN:132,(anonymous_2)
FN:136,(anonymous_3)
FN:137,(anonymous_4)
FN:140,(anonymous_5)
FN:141,(anonymous_6)
FN:144,(anonymous_7)
FN:148,(anonymous_8)
FN:170,(anonymous_9)
FN:189,(anonymous_10)
FN:194,(anonymous_11)
FN:240,(anonymous_12)
FN:267,(anonymous_13)
FN:282,(anonymous_14)
FN:288,(anonymous_15)
FN:292,(anonymous_16)
FN:302,(anonymous_17)
FN:305,(anonymous_18)
FN:322,(anonymous_19)
FN:336,(anonymous_20)
FN:343,(anonymous_21)
FN:344,(anonymous_22)
FN:352,(anonymous_23)
FN:378,(anonymous_24)
FN:380,(anonymous_25)
FN:381,(anonymous_26)
FN:384,(anonymous_27)
FN:388,(anonymous_28)
FN:399,(anonymous_29)
FN:405,(anonymous_30)
FN:417,(anonymous_31)
FN:418,(anonymous_32)
FN:420,(anonymous_33)
FN:421,(anonymous_34)
FN:423,(anonymous_35)
FN:429,(anonymous_36)
FN:461,(anonymous_37)
FN:491,(anonymous_38)
FN:518,(anonymous_39)
FN:557,(anonymous_40)
FN:575,(anonymous_41)
FN:588,(anonymous_42)
FN:600,(anonymous_43)
FN:612,(anonymous_44)
FN:613,(anonymous_45)
FN:629,(anonymous_46)
FN:734,(anonymous_47)
FN:758,(anonymous_48)
FN:777,(anonymous_49)
FN:785,(anonymous_50)
FN:793,(anonymous_51)
FN:846,(anonymous_52)
FN:859,(anonymous_53)
FN:880,(anonymous_54)
FN:894,(anonymous_55)
FN:925,(anonymous_56)
FN:984,(anonymous_57)
FN:985,(anonymous_58)
FN:1000,(anonymous_59)
FN:1005,(anonymous_60)
FN:1011,(anonymous_61)
FN:1025,(anonymous_62)
FN:1029,(anonymous_63)
FN:1037,(anonymous_64)
FN:1051,(anonymous_65)
FN:1057,(anonymous_66)
FNF:67
FNH:0
FNDA:0,AdminWeeklySchedule
FNDA:0,(anonymous_1)
FNDA:0,(anonymous_2)
FNDA:0,(anonymous_3)
FNDA:0,(anonymous_4)
FNDA:0,(anonymous_5)
FNDA:0,(anonymous_6)
FNDA:0,(anonymous_7)
FNDA:0,(anonymous_8)
FNDA:0,(anonymous_9)
FNDA:0,(anonymous_10)
FNDA:0,(anonymous_11)
FNDA:0,(anonymous_12)
FNDA:0,(anonymous_13)
FNDA:0,(anonymous_14)
FNDA:0,(anonymous_15)
FNDA:0,(anonymous_16)
FNDA:0,(anonymous_17)
FNDA:0,(anonymous_18)
FNDA:0,(anonymous_19)
FNDA:0,(anonymous_20)
FNDA:0,(anonymous_21)
FNDA:0,(anonymous_22)
FNDA:0,(anonymous_23)
FNDA:0,(anonymous_24)
FNDA:0,(anonymous_25)
FNDA:0,(anonymous_26)
FNDA:0,(anonymous_27)
FNDA:0,(anonymous_28)
FNDA:0,(anonymous_29)
FNDA:0,(anonymous_30)
FNDA:0,(anonymous_31)
FNDA:0,(anonymous_32)
FNDA:0,(anonymous_33)
FNDA:0,(anonymous_34)
FNDA:0,(anonymous_35)
FNDA:0,(anonymous_36)
FNDA:0,(anonymous_37)
FNDA:0,(anonymous_38)
FNDA:0,(anonymous_39)
FNDA:0,(anonymous_40)
FNDA:0,(anonymous_41)
FNDA:0,(anonymous_42)
FNDA:0,(anonymous_43)
FNDA:0,(anonymous_44)
FNDA:0,(anonymous_45)
FNDA:0,(anonymous_46)
FNDA:0,(anonymous_47)
FNDA:0,(anonymous_48)
FNDA:0,(anonymous_49)
FNDA:0,(anonymous_50)
FNDA:0,(anonymous_51)
FNDA:0,(anonymous_52)
FNDA:0,(anonymous_53)
FNDA:0,(anonymous_54)
FNDA:0,(anonymous_55)
FNDA:0,(anonymous_56)
FNDA:0,(anonymous_57)
FNDA:0,(anonymous_58)
FNDA:0,(anonymous_59)
FNDA:0,(anonymous_60)
FNDA:0,(anonymous_61)
FNDA:0,(anonymous_62)
FNDA:0,(anonymous_63)
FNDA:0,(anonymous_64)
FNDA:0,(anonymous_65)
FNDA:0,(anonymous_66)
DA:84,0
DA:94,0
DA:100,0
DA:101,0
DA:102,0
DA:103,0
DA:104,0
DA:105,0
DA:106,0
DA:107,0
DA:108,0
DA:109,0
DA:110,0
DA:111,0
DA:114,0
DA:115,0
DA:116,0
DA:117,0
DA:119,0
DA:122,0
DA:123,0
DA:124,0
DA:126,0
DA:127,0
DA:129,0
DA:132,0
DA:133,0
DA:136,0
DA:137,0
DA:140,0
DA:141,0
DA:144,0
DA:145,0
DA:148,0
DA:149,0
DA:150,0
DA:156,0
DA:157,0
DA:159,0
DA:160,0
DA:166,0
DA:170,0
DA:171,0
DA:172,0
DA:177,0
DA:178,0
DA:180,0
DA:181,0
DA:189,0
DA:190,0
DA:192,0
DA:194,0
DA:195,0
DA:196,0
DA:197,0
DA:198,0
DA:201,0
DA:202,0
DA:204,0
DA:219,0
DA:221,0
DA:223,0
DA:224,0
DA:226,0
DA:228,0
DA:230,0
DA:231,0
DA:236,0
DA:238,0
DA:240,0
DA:256,0
DA:258,0
DA:259,0
DA:267,0
DA:268,0
DA:269,0
DA:275,0
DA:276,0
DA:278,0
DA:282,0
DA:283,0
DA:284,0
DA:285,0
DA:288,0
DA:289,0
DA:292,0
DA:293,0
DA:294,0
DA:297,0
DA:298,0
DA:299,0
DA:300,0
DA:302,0
DA:305,0
DA:306,0
DA:307,0
DA:309,0
DA:310,0
DA:312,0
DA:313,0
DA:314,0
DA:316,0
DA:317,0
DA:319,0
DA:322,0
DA:323,0
DA:324,0
DA:325,0
DA:326,0
DA:328,0
DA:329,0
DA:330,0
DA:331,0
DA:333,0
DA:336,0
DA:341,0
DA:343,0
DA:344,0
DA:345,0
DA:346,0
DA:349,0
DA:350,0
DA:352,0
DA:353,0
DA:354,0
DA:355,0
DA:356,0
DA:357,0
DA:362,0
DA:363,0
DA:366,0
DA:368,0
DA:375,0
DA:378,0
DA:379,0
DA:380,0
DA:381,0
DA:384,0
DA:388,0
DA:390,0
DA:399,0
DA:400,0
DA:401,0
DA:405,0
DA:406,0
DA:407,0
DA:408,0
DA:409,0
DA:410,0
DA:411,0
DA:415,0
DA:418,0
DA:421,0
DA:424,0
DA:425,0
DA:429,0
DA:431,0
DA:448,0
DA:449,0
DA:450,0
DA:451,0
DA:453,0
DA:456,0
DA:457,0
DA:458,0
DA:461,0
DA:462,0
DA:463,0
DA:468,0
DA:470,0
DA:476,0
DA:479,0
DA:480,0
DA:483,0
DA:491,0
DA:492,0
DA:494,0
DA:495,0
DA:500,0
DA:502,0
DA:507,0
DA:508,0
DA:510,0
DA:518,0
DA:519,0
DA:520,0
DA:530,0
DA:532,0
DA:537,0
DA:538,0
DA:547,0
DA:549,0
DA:557,0
DA:558,0
DA:567,0
DA:572,0
DA:575,0
DA:576,0
DA:578,0
DA:580,0
DA:582,0
DA:584,0
DA:588,0
DA:589,0
DA:597,0
DA:600,0
DA:601,0
DA:609,0
DA:612,0
DA:613,0
DA:614,0
DA:615,0
DA:616,0
DA:618,0
DA:619,0
DA:630,0
DA:650,0
DA:735,0
DA:759,0
DA:777,0
DA:785,0
DA:793,0
DA:847,0
DA:860,0
DA:861,0
DA:864,0
DA:865,0
DA:867,0
DA:881,0
DA:895,0
DA:896,0
DA:901,0
DA:909,0
DA:911,0
DA:912,0
DA:913,0
DA:915,0
DA:925,0
DA:984,0
DA:985,0
DA:1001,0
DA:1002,0
DA:1006,0
DA:1012,0
DA:1026,0
DA:1030,0
DA:1031,0
DA:1032,0
DA:1038,0
DA:1039,0
DA:1040,0
DA:1051,0
DA:1057,0
LF:253
LH:0
BRDA:156,0,0,0
BRDA:156,0,1,0
BRDA:157,1,0,0
BRDA:157,1,1,0
BRDA:177,2,0,0
BRDA:177,2,1,0
BRDA:178,3,0,0
BRDA:178,3,1,0
BRDA:190,4,0,0
BRDA:190,4,1,0
BRDA:219,5,0,0
BRDA:219,5,1,0
BRDA:223,6,0,0
BRDA:223,6,1,0
BRDA:223,7,0,0
BRDA:223,7,1,0
BRDA:226,8,0,0
BRDA:226,8,1,0
BRDA:230,9,0,0
BRDA:230,9,1,0
BRDA:230,10,0,0
BRDA:230,10,1,0
BRDA:238,11,0,0
BRDA:238,11,1,0
BRDA:240,12,0,0
BRDA:240,12,1,0
BRDA:242,13,0,0
BRDA:242,13,1,0
BRDA:243,14,0,0
BRDA:243,14,1,0
BRDA:245,15,0,0
BRDA:245,15,1,0
BRDA:246,16,0,0
BRDA:246,16,1,0
BRDA:248,17,0,0
BRDA:248,17,1,0
BRDA:249,18,0,0
BRDA:249,18,1,0
BRDA:251,19,0,0
BRDA:251,19,1,0
BRDA:252,20,0,0
BRDA:252,20,1,0
BRDA:275,21,0,0
BRDA:275,21,1,0
BRDA:276,22,0,0
BRDA:276,22,1,0
BRDA:294,23,0,0
BRDA:294,23,1,0
BRDA:333,24,0,0
BRDA:333,24,1,0
BRDA:345,25,0,0
BRDA:345,25,1,0
BRDA:354,26,0,0
BRDA:354,26,1,0
BRDA:356,27,0,0
BRDA:356,27,1,0
BRDA:380,28,0,0
BRDA:380,28,1,0
BRDA:388,29,0,0
BRDA:388,29,1,0
BRDA:406,30,0,0
BRDA:406,30,1,0
BRDA:440,31,0,0
BRDA:440,31,1,0
BRDA:442,32,0,0
BRDA:442,32,1,0
BRDA:443,33,0,0
BRDA:443,33,1,0
BRDA:448,34,0,0
BRDA:448,34,1,0
BRDA:450,35,0,0
BRDA:450,35,1,0
BRDA:468,36,0,0
BRDA:468,36,1,0
BRDA:479,37,0,0
BRDA:479,37,1,0
BRDA:479,38,0,0
BRDA:479,38,1,0
BRDA:492,39,0,0
BRDA:492,39,1,0
BRDA:500,40,0,0
BRDA:500,40,1,0
BRDA:518,41,0,0
BRDA:525,42,0,0
BRDA:525,42,1,0
BRDA:530,43,0,0
BRDA:530,43,1,0
BRDA:537,44,0,0
BRDA:537,44,1,0
BRDA:567,45,0,0
BRDA:567,45,1,0
BRDA:576,46,0,0
BRDA:576,46,1,0
BRDA:576,46,2,0
BRDA:576,46,3,0
BRDA:597,47,0,0
BRDA:597,47,1,0
BRDA:609,48,0,0
BRDA:609,48,1,0
BRDA:615,49,0,0
BRDA:615,49,1,0
BRDA:616,50,0,0
BRDA:616,50,1,0
BRDA:618,51,0,0
BRDA:618,51,1,0
BRDA:775,52,0,0
BRDA:775,52,1,0
BRDA:783,53,0,0
BRDA:783,53,1,0
BRDA:791,54,0,0
BRDA:791,54,1,0
BRDA:813,55,0,0
BRDA:813,55,1,0
BRDA:814,56,0,0
BRDA:814,56,1,0
BRDA:814,57,0,0
BRDA:814,57,1,0
BRDA:815,58,0,0
BRDA:815,58,1,0
BRDA:816,59,0,0
BRDA:816,59,1,0
BRDA:816,60,0,0
BRDA:816,60,1,0
BRDA:861,61,0,0
BRDA:861,61,1,0
BRDA:865,62,0,0
BRDA:865,62,1,0
BRDA:870,63,0,0
BRDA:870,63,1,0
BRDA:871,64,0,0
BRDA:871,64,1,0
BRDA:872,65,0,0
BRDA:872,65,1,0
BRDA:878,66,0,0
BRDA:878,66,1,0
BRDA:889,67,0,0
BRDA:889,67,1,0
BRDA:909,68,0,0
BRDA:909,68,1,0
BRDA:926,69,0,0
BRDA:926,69,1,0
BRDA:926,70,0,0
BRDA:926,70,1,0
BRDA:933,71,0,0
BRDA:933,71,1,0
BRDA:933,72,0,0
BRDA:933,72,1,0
BRDA:980,73,0,0
BRDA:980,73,1,0
BRDA:985,74,0,0
BRDA:985,74,1,0
BRDA:997,75,0,0
BRDA:997,75,1,0
BRDA:999,76,0,0
BRDA:999,76,1,0
BRDA:1022,77,0,0
BRDA:1022,77,1,0
BRDA:1022,77,2,0
BRDA:1022,77,3,0
BRDA:1028,78,0,0
BRDA:1028,78,1,0
BRDA:1045,79,0,0
BRDA:1045,79,1,0
BRDA:1046,80,0,0
BRDA:1046,80,1,0
BRDA:1048,81,0,0
BRDA:1048,81,1,0
BRDA:1048,82,0,0
BRDA:1048,82,1,0
BRDA:1051,83,0,0
BRDA:1051,83,1,0
BRDA:1053,84,0,0
BRDA:1053,84,1,0
BRDA:1055,85,0,0
BRDA:1055,85,1,0
BRF:175
BRH:0
end_of_record
TN:
SF:src\pages\auth\login.tsx
FN:11,LoginPage
FN:20,(anonymous_1)
FN:92,(anonymous_2)
FN:108,(anonymous_3)
FNF:4
FNH:0
FNDA:0,LoginPage
FNDA:0,(anonymous_1)
FNDA:0,(anonymous_2)
FNDA:0,(anonymous_3)
DA:12,0
DA:13,0
DA:14,0
DA:15,0
DA:16,0
DA:17,0
DA:18,0
DA:20,0
DA:21,0
DA:22,0
DA:24,0
DA:25,0
DA:26,0
DA:32,0
DA:35,0
DA:38,0
DA:39,0
DA:40,0
DA:42,0
DA:43,0
DA:44,0
DA:45,0
DA:48,0
DA:52,0
DA:55,0
DA:61,0
DA:65,0
DA:92,0
DA:108,0
LF:29
LH:0
BRDA:32,0,0,0
BRDA:32,0,1,0
BRDA:38,1,0,0
BRDA:38,1,1,0
BRDA:42,2,0,0
BRDA:42,2,1,0
BRDA:42,3,0,0
BRDA:42,3,1,0
BRDA:44,4,0,0
BRDA:44,4,1,0
BRDA:44,5,0,0
BRDA:44,5,1,0
BRDA:57,6,0,0
BRDA:57,6,1,0
BRDA:120,7,0,0
BRDA:120,7,1,0
BRF:16
BRH:0
end_of_record
TN:
SF:src\pages\payment\payment-success.tsx
FN:11,PaymentSuccessPage
FN:16,(anonymous_1)
FN:37,(anonymous_2)
FNF:3
FNH:0
FNDA:0,PaymentSuccessPage
FNDA:0,(anonymous_1)
FNDA:0,(anonymous_2)
DA:12,0
DA:13,0
DA:14,0
DA:16,0
DA:17,0
DA:18,0
DA:28,0
DA:29,0
DA:31,0
DA:33,0
DA:37,0
DA:38,0
DA:39,0
DA:43,0
DA:44,0
DA:53,0
DA:54,0
DA:69,0
DA:71,0
LF:19
LH:0
BRDA:28,0,0,0
BRDA:28,0,1,0
BRDA:38,1,0,0
BRDA:38,1,1,0
BRDA:43,2,0,0
BRDA:43,2,1,0
BRDA:53,3,0,0
BRDA:53,3,1,0
BRDA:82,4,0,0
BRDA:82,4,1,0
BRDA:85,5,0,0
BRDA:85,5,1,0
BRDA:163,6,0,0
BRDA:163,6,1,0
BRDA:168,7,0,0
BRDA:168,7,1,0
BRDA:178,8,0,0
BRDA:178,8,1,0
BRDA:188,9,0,0
BRDA:188,9,1,0
BRDA:205,10,0,0
BRDA:205,10,1,0
BRF:22
BRH:0
end_of_record
TN:
SF:src\pages\payment\payment.tsx
FN:16,PaymentPage
FN:23,(anonymous_1)
FN:50,(anonymous_2)
FN:68,(anonymous_3)
FN:73,(anonymous_4)
FN:77,(anonymous_5)
FN:205,(anonymous_6)
FN:228,(anonymous_7)
FN:263,(anonymous_8)
FNF:9
FNH:0
FNDA:0,PaymentPage
FNDA:0,(anonymous_1)
FNDA:0,(anonymous_2)
FNDA:0,(anonymous_3)
FNDA:0,(anonymous_4)
FNDA:0,(anonymous_5)
FNDA:0,(anonymous_6)
FNDA:0,(anonymous_7)
FNDA:0,(anonymous_8)
DA:17,0
DA:18,0
DA:19,0
DA:20,0
DA:21,0
DA:23,0
DA:24,0
DA:25,0
DA:35,0
DA:37,0
DA:40,0
DA:41,0
DA:44,0
DA:46,0
DA:50,0
DA:51,0
DA:53,0
DA:54,0
DA:60,0
DA:61,0
DA:64,0
DA:68,0
DA:69,0
DA:70,0
DA:73,0
DA:74,0
DA:77,0
DA:81,0
DA:82,0
DA:95,0
DA:96,0
DA:109,0
DA:205,0
DA:228,0
DA:263,0
LF:35
LH:0
BRDA:35,0,0,0
BRDA:35,0,1,0
BRDA:40,1,0,0
BRDA:40,1,1,0
BRDA:51,2,0,0
BRDA:51,2,1,0
BRDA:60,3,0,0
BRDA:60,3,1,0
BRDA:69,4,0,0
BRDA:69,4,1,0
BRDA:81,5,0,0
BRDA:81,5,1,0
BRDA:95,6,0,0
BRDA:95,6,1,0
BRDA:136,7,0,0
BRDA:136,7,1,0
BRDA:207,8,0,0
BRDA:207,8,1,0
BRDA:220,9,0,0
BRDA:220,9,1,0
BRDA:230,10,0,0
BRDA:230,10,1,0
BRDA:243,11,0,0
BRDA:243,11,1,0
BRDA:252,12,0,0
BRDA:252,12,1,0
BRDA:259,13,0,0
BRDA:259,13,1,0
BRF:28
BRH:0
end_of_record
TN:
SF:src\pages\staff\calendar.tsx
FN:31,StaffCalendar
FN:38,(anonymous_1)
FN:39,(anonymous_2)
FN:42,(anonymous_3)
FN:46,(anonymous_4)
FN:50,(anonymous_5)
FN:104,(anonymous_6)
FN:107,(anonymous_7)
FN:121,(anonymous_8)
FN:187,(anonymous_9)
FN:197,(anonymous_10)
FN:213,(anonymous_11)
FN:233,(anonymous_12)
FN:310,(anonymous_13)
FN:313,(anonymous_14)
FN:396,(anonymous_15)
FNF:16
FNH:0
FNDA:0,StaffCalendar
FNDA:0,(anonymous_1)
FNDA:0,(anonymous_2)
FNDA:0,(anonymous_3)
FNDA:0,(anonymous_4)
FNDA:0,(anonymous_5)
FNDA:0,(anonymous_6)
FNDA:0,(anonymous_7)
FNDA:0,(anonymous_8)
FNDA:0,(anonymous_9)
FNDA:0,(anonymous_10)
FNDA:0,(anonymous_11)
FNDA:0,(anonymous_12)
FNDA:0,(anonymous_13)
FNDA:0,(anonymous_14)
FNDA:0,(anonymous_15)
DA:15,0
DA:23,0
DA:32,0
DA:33,0
DA:34,0
DA:35,0
DA:36,0
DA:38,0
DA:39,0
DA:42,0
DA:43,0
DA:46,0
DA:47,0
DA:50,0
DA:51,0
DA:52,0
DA:56,0
DA:57,0
DA:58,0
DA:59,0
DA:60,0
DA:65,0
DA:67,0
DA:68,0
DA:78,0
DA:79,0
DA:105,0
DA:108,0
DA:122,0
DA:132,0
DA:188,0
DA:198,0
DA:199,0
DA:200,0
DA:201,0
DA:203,0
DA:213,0
DA:234,0
DA:311,0
DA:313,0
DA:396,0
LF:41
LH:0
BRDA:65,0,0,0
BRDA:65,0,1,0
BRDA:67,1,0,0
BRDA:67,1,1,0
BRDA:78,2,0,0
BRDA:78,2,1,0
BRDA:200,3,0,0
BRDA:200,3,1,0
BRDA:208,4,0,0
BRDA:208,4,1,0
BRDA:209,5,0,0
BRDA:209,5,1,0
BRDA:210,6,0,0
BRDA:210,6,1,0
BRDA:210,7,0,0
BRDA:210,7,1,0
BRDA:218,8,0,0
BRDA:218,8,1,0
BRDA:223,9,0,0
BRDA:223,9,1,0
BRDA:231,10,0,0
BRDA:231,10,1,0
BRDA:242,11,0,0
BRDA:242,11,1,0
BRDA:287,12,0,0
BRDA:287,12,1,0
BRDA:289,13,0,0
BRDA:289,13,1,0
BRDA:296,14,0,0
BRDA:296,14,1,0
BRDA:303,15,0,0
BRDA:303,15,1,0
BRDA:326,16,0,0
BRDA:326,16,1,0
BRDA:327,17,0,0
BRDA:327,17,1,0
BRDA:328,18,0,0
BRDA:328,18,1,0
BRDA:329,19,0,0
BRDA:329,19,1,0
BRDA:330,20,0,0
BRDA:330,20,1,0
BRDA:343,21,0,0
BRDA:343,21,1,0
BRDA:343,21,2,0
BRDA:349,22,0,0
BRDA:349,22,1,0
BRDA:349,22,2,0
BRDA:366,23,0,0
BRDA:366,23,1,0
BRDA:380,24,0,0
BRDA:380,24,1,0
BRDA:381,25,0,0
BRDA:381,25,1,0
BRF:54
BRH:0
end_of_record
TN:
SF:src\pages\staff\chat.tsx
FNF:0
FNH:0
LF:0
LH:0
BRF:0
BRH:0
end_of_record
TN:
SF:src\pages\staff\dashboard.tsx
FN:24,StaffDashboard
FN:55,(anonymous_1)
FN:65,(anonymous_2)
FN:81,(anonymous_3)
FN:100,(anonymous_4)
FN:154,(anonymous_5)
FN:199,(anonymous_6)
FN:223,(anonymous_7)
FN:237,(anonymous_8)
FN:251,(anonymous_9)
FN:251,(anonymous_10)
FN:269,(anonymous_11)
FN:291,(anonymous_12)
FN:305,(anonymous_13)
FN:319,(anonymous_14)
FN:319,(anonymous_15)
FN:335,(anonymous_16)
FN:357,(anonymous_17)
FN:371,(anonymous_18)
FN:385,(anonymous_19)
FN:385,(anonymous_20)
FN:402,(anonymous_21)
FNF:22
FNH:0
FNDA:0,StaffDashboard
FNDA:0,(anonymous_1)
FNDA:0,(anonymous_2)
FNDA:0,(anonymous_3)
FNDA:0,(anonymous_4)
FNDA:0,(anonymous_5)
FNDA:0,(anonymous_6)
FNDA:0,(anonymous_7)
FNDA:0,(anonymous_8)
FNDA:0,(anonymous_9)
FNDA:0,(anonymous_10)
FNDA:0,(anonymous_11)
FNDA:0,(anonymous_12)
FNDA:0,(anonymous_13)
FNDA:0,(anonymous_14)
FNDA:0,(anonymous_15)
FNDA:0,(anonymous_16)
FNDA:0,(anonymous_17)
FNDA:0,(anonymous_18)
FNDA:0,(anonymous_19)
FNDA:0,(anonymous_20)
FNDA:0,(anonymous_21)
DA:36,0
DA:43,0
DA:45,0
DA:46,0
DA:47,0
DA:48,0
DA:49,0
DA:50,0
DA:51,0
DA:52,0
DA:53,0
DA:55,0
DA:56,0
DA:57,0
DA:58,0
DA:59,0
DA:65,0
DA:66,0
DA:67,0
DA:68,0
DA:73,0
DA:81,0
DA:82,0
DA:83,0
DA:84,0
DA:89,0
DA:98,0
DA:100,0
DA:104,0
DA:105,0
DA:115,0
DA:155,0
DA:199,0
DA:224,0
DA:238,0
DA:251,0
DA:269,0
DA:292,0
DA:306,0
DA:319,0
DA:335,0
DA:358,0
DA:372,0
DA:385,0
DA:402,0
LF:45
LH:0
BRDA:98,0,0,0
BRDA:98,0,1,0
BRDA:99,1,0,0
BRDA:99,1,1,0
BRDA:104,2,0,0
BRDA:104,2,1,0
BRDA:135,3,0,0
BRDA:135,3,1,0
BRDA:144,4,0,0
BRDA:144,4,1,0
BRDA:144,4,2,0
BRDA:152,5,0,0
BRDA:152,5,1,0
BRDA:206,6,0,0
BRDA:206,6,1,0
BRDA:206,6,2,0
BRDA:212,7,0,0
BRDA:212,7,1,0
BRDA:219,8,0,0
BRDA:219,8,1,0
BRDA:221,9,0,0
BRDA:221,9,1,0
BRDA:227,10,0,0
BRDA:227,10,1,0
BRDA:248,11,0,0
BRDA:248,11,1,0
BRDA:276,12,0,0
BRDA:276,12,1,0
BRDA:276,12,2,0
BRDA:282,13,0,0
BRDA:282,13,1,0
BRDA:289,14,0,0
BRDA:289,14,1,0
BRDA:289,15,0,0
BRDA:289,15,1,0
BRDA:295,16,0,0
BRDA:295,16,1,0
BRDA:316,17,0,0
BRDA:316,17,1,0
BRDA:342,18,0,0
BRDA:342,18,1,0
BRDA:342,18,2,0
BRDA:348,19,0,0
BRDA:348,19,1,0
BRDA:355,20,0,0
BRDA:355,20,1,0
BRDA:355,21,0,0
BRDA:355,21,1,0
BRDA:361,22,0,0
BRDA:361,22,1,0
BRDA:382,23,0,0
BRDA:382,23,1,0
BRF:52
BRH:0
end_of_record
TN:
SF:src\pages\staff\profile.tsx
FN:34,StaffProfile
FN:56,(anonymous_1)
FN:64,(anonymous_2)
FN:87,(anonymous_3)
FN:240,(anonymous_4)
FN:267,(anonymous_5)
FN:305,(anonymous_6)
FN:337,(anonymous_7)
FN:347,(anonymous_8)
FNF:9
FNH:0
FNDA:0,StaffProfile
FNDA:0,(anonymous_1)
FNDA:0,(anonymous_2)
FNDA:0,(anonymous_3)
FNDA:0,(anonymous_4)
FNDA:0,(anonymous_5)
FNDA:0,(anonymous_6)
FNDA:0,(anonymous_7)
FNDA:0,(anonymous_8)
DA:43,0
DA:45,0
DA:46,0
DA:47,0
DA:48,0
DA:50,0
DA:51,0
DA:52,0
DA:54,0
DA:56,0
DA:57,0
DA:58,0
DA:59,0
DA:61,0
DA:64,0
DA:65,0
DA:66,0
DA:67,0
DA:71,0
DA:75,0
DA:77,0
DA:83,0
DA:87,0
DA:88,0
DA:89,0
DA:94,0
DA:97,0
DA:98,0
DA:103,0
DA:106,0
DA:107,0
DA:108,0
DA:109,0
DA:113,0
DA:114,0
DA:116,0
DA:122,0
DA:126,0
DA:127,0
DA:137,0
DA:138,0
DA:153,0
DA:240,0
DA:267,0
DA:306,0
DA:337,0
DA:347,0
LF:47
LH:0
BRDA:57,0,0,0
BRDA:57,0,1,0
BRDA:57,1,0,0
BRDA:57,1,1,0
BRDA:59,2,0,0
BRDA:59,2,1,0
BRDA:69,3,0,0
BRDA:69,3,1,0
BRDA:88,4,0,0
BRDA:88,4,1,0
BRDA:97,5,0,0
BRDA:97,5,1,0
BRDA:126,6,0,0
BRDA:126,6,1,0
BRDA:137,7,0,0
BRDA:137,7,1,0
BRDA:137,8,0,0
BRDA:137,8,1,0
BRDA:137,8,2,0
BRDA:182,9,0,0
BRDA:182,9,1,0
BRDA:202,10,0,0
BRDA:202,10,1,0
BRDA:213,11,0,0
BRDA:213,11,1,0
BRDA:236,12,0,0
BRDA:236,12,1,0
BRDA:262,13,0,0
BRDA:262,13,1,0
BRDA:273,14,0,0
BRDA:273,14,1,0
BRDA:292,15,0,0
BRDA:292,15,1,0
BRDA:303,16,0,0
BRDA:303,16,1,0
BRDA:303,17,0,0
BRDA:303,17,1,0
BRDA:354,18,0,0
BRDA:354,18,1,0
BRDA:354,18,2,0
BRDA:357,19,0,0
BRDA:357,19,1,0
BRDA:363,20,0,0
BRDA:363,20,1,0
BRF:44
BRH:0
end_of_record
TN:
SF:src\types\booking.ts
FNF:0
FNH:0
DA:22,1
DA:43,1
DA:62,1
LF:3
LH:3
BRF:0
BRH:0
end_of_record
TN:
SF:src\types\chat.ts
FNF:0
FNH:0
LF:0
LH:0
BRF:0
BRH:0
end_of_record
TN:
SF:src\types\common.ts
FNF:0
FNH:0
DA:24,0
LF:1
LH:0
BRF:0
BRH:0
end_of_record
TN:
SF:src\types\customer.ts
FNF:0
FNH:0
DA:22,0
DA:41,0
DA:63,0
LF:3
LH:0
BRF:0
BRH:0
end_of_record
TN:
SF:src\types\database.types.ts
FNF:0
FNH:0
LF:0
LH:0
BRF:0
BRH:0
end_of_record
TN:
SF:src\types\index.ts
FNF:0
FNH:0
LF:0
LH:0
BRF:0
BRH:0
end_of_record
TN:
SF:src\types\reports.ts
FNF:0
FNH:0
DA:73,0
LF:1
LH:0
BRF:0
BRH:0
end_of_record
TN:
SF:src\types\service-package.ts
FNF:0
FNH:0
DA:23,0
LF:1
LH:0
BRF:0
BRH:0
end_of_record
TN:
SF:src\types\staff.ts
FNF:0
FNH:0
LF:0
LH:0
BRF:0
BRH:0
end_of_record
TN:
SF:src\types\supabase-relations.ts
FN:240,extractSingle
FN:260,extractArray
FN:283,safeExtractData
FN:299,safeExtractSingle
FNF:4
FNH:0
FNDA:0,extractSingle
FNDA:0,extractArray
FNDA:0,safeExtractData
FNDA:0,safeExtractSingle
DA:241,0
DA:242,0
DA:244,0
DA:261,0
DA:262,0
DA:264,0
DA:265,0
DA:267,0
DA:284,0
DA:300,0
LF:10
LH:0
BRDA:241,0,0,0
BRDA:241,0,1,0
BRDA:242,1,0,0
BRDA:242,1,1,0
BRDA:261,2,0,0
BRDA:261,2,1,0
BRDA:264,3,0,0
BRDA:264,3,1,0
BRDA:284,4,0,0
BRDA:284,4,1,0
BRDA:299,5,0,0
BRDA:300,6,0,0
BRDA:300,6,1,0
BRF:13
BRH:0
end_of_record
TN:
SF:src\types\team.ts
FNF:0
FNH:0
LF:0
LH:0
BRF:0
BRH:0
end_of_record
